[2019-05-27 11:40:11,276] [INFO] [CSV `data.csv` file saved at `/app/normalized_data`]
[2019-05-27 11:40:14,711] [INFO] [Address saved to database: {'street_number': '405', 'street_name': 'Rua Monsenhor Veras', 'neighborhood': 'Santana', 'city': 'Porto Alegre', 'state': 'RS', 'country': 'Brazil', 'postal_code': '90610-010', 'latitude': -30.04982864, 'longitude': -51.20150245}]
[2019-05-27 11:40:15,437] [INFO] [Address saved to database: {'street_number': '1979', 'street_name': 'Avenida Edvaldo Pereira Paiva', 'neighborhood': 'Praia de Belas', 'city': 'Porto Alegre', 'state': 'RS', 'country': 'Brazil', 'postal_code': '90110-060', 'latitude': -30.06761588, 'longitude': -51.23976111}]
[2019-05-27 11:40:16,088] [WARNING] [Address couldn't be saved to database. Data returned from reverse_geocode API: []]
[2019-05-27 11:40:16,763] [WARNING] [Address couldn't be saved to database. Data returned from reverse_geocode API: []]
[2019-05-27 11:40:17,337] [WARNING] [Address couldn't be saved to database. Data returned from reverse_geocode API: []]
[2019-05-27 11:40:17,974] [INFO] [Address saved to database: {'street_number': '71', 'street_name': 'Rua Felizardo de Farias', 'neighborhood': 'Santo Antônio', 'city': 'Porto Alegre', 'state': 'RS', 'country': 'Brazil', 'postal_code': '90660-130', 'latitude': -30.06713593, 'longitude': -51.20357392}]
[2019-05-27 11:40:18,747] [INFO] [Address saved to database: {'street_number': '77', 'street_name': 'Rua Gen Telmo Oliveira Santana', 'neighborhood': 'Paternon', 'city': 'Porto Alegre', 'state': 'RS', 'country': 'Brazil', 'postal_code': '90610-170', 'latitude': -30.06247621, 'longitude': -51.1792341}]
[2019-05-27 11:40:19,480] [INFO] [Address saved to database: {'street_number': '508', 'street_name': 'Avenida Plínio Brasil Milano', 'neighborhood': 'Higienópolis', 'city': 'Porto Alegre', 'state': 'RS', 'country': 'Brazil', 'postal_code': '90520-001', 'latitude': -30.02030812, 'longitude': -51.18087659}]
[2019-05-27 11:40:19,933] [WARNING] [Address couldn't be saved to database. Data returned from reverse_geocode API: []]
[2019-05-27 11:40:20,509] [WARNING] [Address couldn't be saved to database. Data returned from reverse_geocode API: []]
[2019-05-27 11:40:21,225] [INFO] [Address saved to database: {'street_number': '55', 'street_name': 'Avenida Berlim', 'neighborhood': 'São Geraldo', 'city': 'Porto Alegre', 'state': 'RS', 'country': 'Brazil', 'postal_code': '90240-581', 'latitude': -30.01260085, 'longitude': -51.20276975}]
[2019-05-27 11:40:21,728] [WARNING] [Address couldn't be saved to database. Data returned from reverse_geocode API: []]
[2019-05-27 11:40:22,418] [INFO] [Address saved to database: {'street_number': '1931', 'street_name': 'Avenida Bento Gonçalves', 'neighborhood': 'Partenon', 'city': 'Porto Alegre', 'state': 'RS', 'country': 'Brazil', 'postal_code': '90650-002', 'latitude': -30.05832218, 'longitude': -51.19503357}]
[2019-05-27 11:40:23,070] [WARNING] [Address couldn't be saved to database. Data returned from reverse_geocode API: []]
[2019-05-27 11:40:23,666] [INFO] [Address saved to database: {'street_number': '70', 'street_name': 'Rua Mexiana Ilha Da Pintada', 'neighborhood': 'Arquipélago', 'city': 'Porto Alegre', 'state': 'RS', 'country': 'Brazil', 'postal_code': '90090-130', 'latitude': -30.01351867, 'longitude': -51.26242635}]
[2019-05-27 11:40:24,134] [WARNING] [Address couldn't be saved to database. Data returned from reverse_geocode API: []]
[2019-05-27 11:40:24,815] [INFO] [Address saved to database: {'street_number': '1678', 'street_name': 'Avenida Benjamin Constant', 'neighborhood': 'São João', 'city': 'Porto Alegre', 'state': 'RS', 'country': 'Brazil', 'postal_code': '90550-002', 'latitude': -30.01611524, 'longitude': -51.19641592}]
[2019-05-27 11:40:25,370] [WARNING] [Address couldn't be saved to database. Data returned from reverse_geocode API: []]
[2019-05-27 11:40:25,992] [WARNING] [Address couldn't be saved to database. Data returned from reverse_geocode API: []]
[2019-05-27 11:40:26,669] [INFO] [Address saved to database: {'street_number': '151', 'street_name': 'Rua General Vitórino', 'neighborhood': 'Centro Histórico de Porto Alegre', 'city': 'Porto Alegre', 'state': 'RS', 'country': 'Brazil', 'postal_code': '90020-170', 'latitude': -30.03059067, 'longitude': -51.22519698}]
[2019-05-27 11:40:27,160] [WARNING] [Address couldn't be saved to database. Data returned from reverse_geocode API: []]
[2019-05-27 11:40:27,794] [INFO] [Address saved to database: {'street_number': '281', 'street_name': 'Rua Cuiabá', 'neighborhood': 'Medianeira', 'city': 'Porto Alegre', 'state': 'RS', 'country': 'Brazil', 'postal_code': '90880-030', 'latitude': -30.06305791, 'longitude': -51.20712559}]
[2019-05-27 11:40:28,520] [INFO] [Address saved to database: {'street_number': '415', 'street_name': 'Avenida Aureliano de Figueiredo Pinto', 'neighborhood': 'Praia de Belas', 'city': 'Porto Alegre', 'state': 'RS', 'country': 'Brazil', 'postal_code': '90050-191', 'latitude': -30.04322791, 'longitude': -51.22750116}]
[2019-05-27 11:40:29,177] [INFO] [Address saved to database: {'street_number': '885', 'street_name': 'Rua Tito Lívio Zambecari', 'neighborhood': "Mont'Serrat", 'city': 'Porto Alegre', 'state': 'RS', 'country': 'Brazil', 'postal_code': '90450-231', 'latitude': -30.02818053, 'longitude': -51.18667311}]
[2019-05-27 11:40:29,770] [WARNING] [Address couldn't be saved to database. Data returned from reverse_geocode API: []]
[2019-05-27 11:40:30,370] [WARNING] [Address couldn't be saved to database. Data returned from reverse_geocode API: []]
[2019-05-27 11:40:30,929] [WARNING] [Address couldn't be saved to database. Data returned from reverse_geocode API: []]
[2019-05-27 11:40:31,636] [INFO] [Address saved to database: {'street_number': '74', 'street_name': 'Rua Doutor Dias da Cruz', 'neighborhood': 'Medianeira', 'city': 'Porto Alegre', 'state': 'RS', 'country': 'Brazil', 'postal_code': '90880-380', 'latitude': -30.06636099, 'longitude': -51.20687072}]
[2019-05-27 11:40:32,476] [INFO] [Address saved to database: {'street_number': '1770', 'street_name': 'Avenida Loureiro da Silva', 'neighborhood': 'Cidade Baixa', 'city': 'Porto Alegre', 'state': 'RS', 'country': 'Brazil', 'postal_code': '90050-240', 'latitude': -30.03620519, 'longitude': -51.22492161}]
[2019-05-27 11:40:33,099] [WARNING] [Address couldn't be saved to database. Data returned from reverse_geocode API: []]
[2019-05-27 11:40:33,821] [WARNING] [Address couldn't be saved to database. Data returned from reverse_geocode API: []]
[2019-05-27 11:40:34,522] [INFO] [Address saved to database: {'street_number': '533', 'street_name': 'Rua Duque de Caxias', 'neighborhood': 'Centro Histórico de Porto Alegre', 'city': 'Porto Alegre', 'state': 'RS', 'country': 'Brazil', 'postal_code': '90010-280', 'latitude': -30.03446013, 'longitude': -51.23633643}]
[2019-05-27 11:40:35,189] [WARNING] [Address couldn't be saved to database. Data returned from reverse_geocode API: []]
[2019-05-27 11:40:36,000] [INFO] [Address saved to database: {'street_number': '84', 'street_name': 'Travessa São Jacó', 'neighborhood': 'Higienópolis', 'city': 'Porto Alegre', 'state': 'RS', 'country': 'Brazil', 'postal_code': '90520-320', 'latitude': -30.01562358, 'longitude': -51.18219918}]
[2019-05-27 11:40:36,708] [INFO] [Address saved to database: {'street_number': '513', 'street_name': 'Rua Corrêa Lima', 'neighborhood': 'Menino Deus', 'city': 'Porto Alegre', 'state': 'RS', 'country': 'Brazil', 'postal_code': '90850-250', 'latitude': -30.06334919, 'longitude': -51.22243261}]
[2019-05-27 11:40:37,469] [INFO] [Address saved to database: {'street_number': '851', 'street_name': 'Rua Augusto Severo', 'neighborhood': 'São João', 'city': 'Porto Alegre', 'state': 'RS', 'country': 'Brazil', 'postal_code': '90240-480', 'latitude': -30.00062293, 'longitude': -51.18476377}]
[2019-05-27 11:40:38,188] [INFO] [Address saved to database: {'street_number': '276', 'street_name': 'Rua Doutor Vale', 'neighborhood': 'Floresta', 'city': 'Porto Alegre', 'state': 'RS', 'country': 'Brazil', 'postal_code': '90560-010', 'latitude': -30.02436941, 'longitude': -51.20754738}]
[2019-05-27 11:40:38,738] [WARNING] [Address couldn't be saved to database. Data returned from reverse_geocode API: []]
[2019-05-27 11:40:39,257] [WARNING] [Address couldn't be saved to database. Data returned from reverse_geocode API: []]
[2019-05-27 11:40:39,874] [WARNING] [Address couldn't be saved to database. Data returned from reverse_geocode API: []]
[2019-05-27 11:40:40,534] [INFO] [Address saved to database: {'street_number': '181', 'street_name': 'Alameda Santo Amaro', 'neighborhood': "Passo d'Areia", 'city': 'Porto Alegre', 'state': 'RS', 'country': 'Brazil', 'postal_code': '90520-190', 'latitude': -30.01523721, 'longitude': -51.17616808}]
[2019-05-27 11:40:41,131] [INFO] [Address saved to database: {'street_number': '1088', 'street_name': 'Rua N Sra Boa Viagem I Pintada', 'neighborhood': 'Arquipélago', 'city': 'Porto Alegre', 'state': 'RS', 'country': 'Brazil', 'postal_code': '90090-140', 'latitude': -30.02031827, 'longitude': -51.25385619}]
[2019-05-27 11:40:41,781] [INFO] [Address saved to database: {'street_number': '2545', 'street_name': 'Rua dos Pescadores', 'neighborhood': 'Arquipélago', 'city': 'Porto Alegre', 'state': 'RS', 'country': 'Brazil', 'postal_code': '90090-180', 'latitude': -30.00707476, 'longitude': -51.24993956}]
[2019-05-27 11:40:42,346] [WARNING] [Address couldn't be saved to database. Data returned from reverse_geocode API: []]
[2019-05-27 11:40:43,167] [INFO] [Address saved to database: {'street_number': '445', 'street_name': 'Avenida Palmeira', 'neighborhood': 'Petrópolis', 'city': 'Porto Alegre', 'state': 'RS', 'country': 'Brazil', 'postal_code': '90470-300', 'latitude': -30.03742723, 'longitude': -51.18056394}]
[2019-05-27 11:40:43,901] [INFO] [Address saved to database: {'street_number': '172', 'street_name': 'Rua Nossa Senhora do Brasil', 'neighborhood': 'Santa Tereza', 'city': 'Porto Alegre', 'state': 'RS', 'country': 'Brazil', 'postal_code': '90850-510', 'latitude': -30.06948134, 'longitude': -51.22262252}]
[2019-05-27 11:40:44,529] [WARNING] [Address couldn't be saved to database. Data returned from reverse_geocode API: []]
[2019-05-27 11:40:45,199] [INFO] [Address saved to database: {'street_number': '160', 'street_name': 'Rua Conde de Porto Alegre', 'neighborhood': 'Floresta', 'city': 'Porto Alegre', 'state': 'RS', 'country': 'Brazil', 'postal_code': '90220-210', 'latitude': -30.01358523, 'longitude': -51.205311200000004}]
[2019-05-27 11:40:45,820] [INFO] [Address saved to database: {'street_number': '85', 'street_name': 'Acesso Vinte e Um R N Sra Brasil', 'neighborhood': 'Santa Tereza', 'city': 'Porto Alegre', 'state': 'RS', 'country': 'Brazil', 'postal_code': '90850-555', 'latitude': -30.06892847, 'longitude': -51.22022269}]
[2019-05-27 11:40:46,438] [INFO] [Address saved to database: {'street_number': '1236', 'street_name': 'Avenida Presidente Franklin Roosevelt', 'neighborhood': 'São Geraldo', 'city': 'Porto Alegre', 'state': 'RS', 'country': 'Brazil', 'postal_code': '90230-002', 'latitude': -30.01056315, 'longitude': -51.20387399}]
[2019-05-27 11:40:46,981] [WARNING] [Address couldn't be saved to database. Data returned from reverse_geocode API: []]
[2019-05-27 11:40:47,581] [WARNING] [Address couldn't be saved to database. Data returned from reverse_geocode API: []]
[2019-05-27 11:40:48,132] [WARNING] [Address couldn't be saved to database. Data returned from reverse_geocode API: []]
[2019-05-27 11:40:48,683] [WARNING] [Address couldn't be saved to database. Data returned from reverse_geocode API: []]
[2019-05-27 11:40:49,363] [INFO] [Address saved to database: {'street_number': '60', 'street_name': 'Rua Primeiro de Janeiro', 'neighborhood': 'Três Figueiras', 'city': 'Porto Alegre', 'state': 'RS', 'country': 'Brazil', 'postal_code': '90001-970', 'latitude': -30.03282018, 'longitude': -51.17690912}]
[2019-05-27 11:40:49,934] [WARNING] [Address couldn't be saved to database. Data returned from reverse_geocode API: []]
[2019-05-27 11:40:50,581] [INFO] [Address saved to database: {'street_number': '445', 'street_name': 'Rua Sete de Abril', 'neighborhood': 'Floresta', 'city': 'Porto Alegre', 'state': 'RS', 'country': 'Brazil', 'postal_code': '90220-130', 'latitude': -30.02028484, 'longitude': -51.20780071}]
[2019-05-27 11:40:51,123] [WARNING] [Address couldn't be saved to database. Data returned from reverse_geocode API: []]
[2019-05-27 11:40:51,784] [INFO] [Address saved to database: {'street_number': '639', 'street_name': 'Rua Vasco da Gama', 'neighborhood': 'Bom Fim', 'city': 'Porto Alegre', 'state': 'RS', 'country': 'Brazil', 'postal_code': '90420-111', 'latitude': -30.03251607, 'longitude': -51.20545432}]
[2019-05-27 11:40:52,424] [INFO] [Address saved to database: {'street_number': '1453', 'street_name': 'Rua Frederico Mentz', 'neighborhood': 'Navegantes', 'city': 'Porto Alegre', 'state': 'RS', 'country': 'Brazil', 'postal_code': '90240-120', 'latitude': -29.99553446, 'longitude': -51.20213845}]
[2019-05-27 11:40:52,941] [WARNING] [Address couldn't be saved to database. Data returned from reverse_geocode API: []]
[2019-05-27 11:40:53,496] [WARNING] [Address couldn't be saved to database. Data returned from reverse_geocode API: []]
[2019-05-27 11:40:54,040] [WARNING] [Address couldn't be saved to database. Data returned from reverse_geocode API: []]
[2019-05-27 11:40:54,785] [INFO] [Address saved to database: {'street_number': '115', 'street_name': 'Rua Delegado Grant', 'neighborhood': 'Santana', 'city': 'Porto Alegre', 'state': 'RS', 'country': 'Brazil', 'postal_code': '90160-080', 'latitude': -30.04660808, 'longitude': -51.21053979}]
[2019-05-27 11:40:55,594] [INFO] [Address saved to database: {'street_number': '310', 'street_name': 'Rua Professor Cristiano Fischer', 'neighborhood': 'Jardim do Salso', 'city': 'Porto Alegre', 'state': 'RS', 'country': 'Brazil', 'postal_code': '91410-000', 'latitude': -30.04404987, 'longitude': -51.173244700000005}]
[2019-05-27 11:40:56,218] [INFO] [Address saved to database: {'street_number': '800', 'street_name': 'Rua 18 de Novembro', 'neighborhood': 'São João', 'city': 'Porto Alegre', 'state': 'RS', 'country': 'Brazil', 'postal_code': '90240-040', 'latitude': -29.99828199, 'longitude': -51.18727592}]
[2019-05-27 11:40:56,855] [INFO] [Address saved to database: {'street_number': '2266', 'street_name': 'Avenida Ipiranga', 'neighborhood': 'Praia de Belas', 'city': 'Porto Alegre', 'state': 'RS', 'country': 'Brazil', 'postal_code': '90160-092', 'latitude': -30.05260148, 'longitude': -51.19324739}]
[2019-05-27 11:40:57,492] [INFO] [Address saved to database: {'street_number': '72', 'street_name': 'Avenida Joracy Camargo', 'neighborhood': 'Santa Tereza', 'city': 'Porto Alegre', 'state': 'RS', 'country': 'Brazil', 'postal_code': '90840-520', 'latitude': -30.07711343, 'longitude': -51.22220120000001}]
[2019-05-27 11:40:58,091] [INFO] [Address saved to database: {'street_number': '314', 'street_name': 'Rua Duque de Caxias', 'neighborhood': 'Centro Histórico de Porto Alegre', 'city': 'Porto Alegre', 'state': 'RS', 'country': 'Brazil', 'postal_code': '90010-280', 'latitude': -30.03380976, 'longitude': -51.22879742}]
[2019-05-27 11:40:58,759] [WARNING] [Address couldn't be saved to database. Data returned from reverse_geocode API: []]
[2019-05-27 11:40:59,441] [INFO] [Address saved to database: {'street_number': '296', 'street_name': 'Avenida Padre Cacique', 'neighborhood': 'Praia de Belas', 'city': 'Porto Alegre', 'state': 'RS', 'country': 'Brazil', 'postal_code': '90810-240', 'latitude': -30.06161656, 'longitude': -51.23251074}]
[2019-05-27 11:40:59,977] [WARNING] [Address couldn't be saved to database. Data returned from reverse_geocode API: []]
[2019-05-27 11:41:00,455] [WARNING] [Address couldn't be saved to database. Data returned from reverse_geocode API: []]
[2019-05-27 11:41:01,033] [WARNING] [Address couldn't be saved to database. Data returned from reverse_geocode API: []]
[2019-05-27 11:41:01,552] [WARNING] [Address couldn't be saved to database. Data returned from reverse_geocode API: []]
[2019-05-27 11:41:02,211] [INFO] [Address saved to database: {'street_number': '2400', 'street_name': 'Rua Ramiro Barcelos', 'neighborhood': 'Floresta', 'city': 'Porto Alegre', 'state': 'RS', 'country': 'Brazil', 'postal_code': '90035-002', 'latitude': -30.02123332, 'longitude': -51.21309025}]
[2019-05-27 11:41:02,856] [INFO] [Address saved to database: {'street_number': '1447', 'street_name': 'Avenida Praia de Belas', 'neighborhood': 'Praia de Belas', 'city': 'Porto Alegre', 'state': 'RS', 'country': 'Brazil', 'postal_code': '90110-001', 'latitude': -30.04872608, 'longitude': -51.22768244}]
[2019-05-27 11:41:03,461] [INFO] [Address saved to database: {'street_number': '457', 'street_name': 'Rua João Inácio da Silveira', 'neighborhood': 'Arquipélago', 'city': 'Porto Alegre', 'state': 'RS', 'country': 'Brazil', 'postal_code': '90090-390', 'latitude': -30.00553488, 'longitude': -51.22829853}]
[2019-05-27 11:41:04,132] [INFO] [Address saved to database: {'street_number': '3231', 'street_name': 'Avenida Castelo Branco', 'neighborhood': 'Cais do Porto', 'city': 'Porto Alegre', 'state': 'RS', 'country': 'Brazil', 'postal_code': '90230-210', 'latitude': -30.01211928, 'longitude': -51.21276921}]
[2019-05-27 11:41:04,803] [INFO] [Address saved to database: {'street_number': '581', 'street_name': 'Rua Intendente Alfredo Azevedo', 'neighborhood': 'Glória', 'city': 'Porto Alegre', 'state': 'RS', 'country': 'Brazil', 'postal_code': '91710-010', 'latitude': -30.07491645, 'longitude': -51.19499899}]
[2019-05-27 11:41:05,458] [INFO] [Address saved to database: {'street_number': '202', 'street_name': 'Rua José do Patrocínio', 'neighborhood': 'Cidade Baixa', 'city': 'Porto Alegre', 'state': 'RS', 'country': 'Brazil', 'postal_code': '90050-000', 'latitude': -30.03704227, 'longitude': -51.22540841}]
[2019-05-27 11:41:06,044] [WARNING] [Address couldn't be saved to database. Data returned from reverse_geocode API: []]
[2019-05-27 11:41:06,552] [WARNING] [Address couldn't be saved to database. Data returned from reverse_geocode API: []]
[2019-05-27 11:41:07,253] [INFO] [Address saved to database: {'street_number': '281', 'street_name': 'Rua Artur Rocha', 'neighborhood': 'Bela Vista', 'city': 'Porto Alegre', 'state': 'RS', 'country': 'Brazil', 'postal_code': '90440-110', 'latitude': -30.03455831, 'longitude': -51.18963666}]
[2019-05-27 11:41:07,812] [WARNING] [Address couldn't be saved to database. Data returned from reverse_geocode API: []]
[2019-05-27 11:41:08,492] [WARNING] [Address couldn't be saved to database. Data returned from reverse_geocode API: []]
[2019-05-27 11:41:09,062] [WARNING] [Address couldn't be saved to database. Data returned from reverse_geocode API: []]
[2019-05-27 11:41:09,645] [INFO] [Address saved to database: {'street_number': '50', 'street_name': 'Rua Marquês do Alegrete', 'neighborhood': 'São João', 'city': 'Porto Alegre', 'state': 'RS', 'country': 'Brazil', 'postal_code': '91020-030', 'latitude': -30.00332159, 'longitude': -51.18749224}]
[2019-05-27 11:41:10,283] [INFO] [Address saved to database: {'street_number': '832', 'street_name': 'Avenida Presidente Vargas', 'neighborhood': 'Arquipélago', 'city': 'Porto Alegre', 'state': 'RS', 'country': 'Brazil', 'postal_code': '90090-000', 'latitude': -30.02317452, 'longitude': -51.25476615}]
[2019-05-27 11:41:11,457] [INFO] [Address saved to database: {'street_number': '155', 'street_name': 'Rua Nossa Senhora do Brasil', 'neighborhood': 'Partenon', 'city': 'Porto Alegre', 'state': 'RS', 'country': 'Brazil', 'postal_code': '90660-340', 'latitude': -30.06454305, 'longitude': -51.19698407}]
[2019-05-27 12:20:04,471] [INFO] [CSV `data.csv` file saved at `/app/normalized_data`]
[2019-05-27 12:20:12,117] [INFO] [Address saved to database: {'street_number': '405', 'street_name': 'Rua Monsenhor Veras', 'neighborhood': 'Santana', 'city': 'Porto Alegre', 'state': 'RS', 'country': 'Brazil', 'postal_code': '90610-010', 'latitude': -30.04982864, 'longitude': -51.20150245}]
[2019-05-27 12:20:12,841] [INFO] [Address saved to database: {'street_number': '1979', 'street_name': 'Avenida Edvaldo Pereira Paiva', 'neighborhood': 'Praia de Belas', 'city': 'Porto Alegre', 'state': 'RS', 'country': 'Brazil', 'postal_code': '90110-060', 'latitude': -30.06761588, 'longitude': -51.23976111}]
[2019-05-27 12:20:13,443] [WARNING] [Address couldn't be saved to database. Data returned from reverse_geocode API: []]
[2019-05-27 12:20:14,118] [WARNING] [Address couldn't be saved to database. Data returned from reverse_geocode API: []]
[2019-05-27 12:20:15,009] [WARNING] [Address couldn't be saved to database. Data returned from reverse_geocode API: []]
[2019-05-27 12:20:15,804] [INFO] [Address saved to database: {'street_number': '71', 'street_name': 'Rua Felizardo de Farias', 'neighborhood': 'Santo Antônio', 'city': 'Porto Alegre', 'state': 'RS', 'country': 'Brazil', 'postal_code': '90660-130', 'latitude': -30.06713593, 'longitude': -51.20357392}]
[2019-05-27 12:20:16,595] [INFO] [Address saved to database: {'street_number': '77', 'street_name': 'Rua Gen Telmo Oliveira Santana', 'neighborhood': 'Paternon', 'city': 'Porto Alegre', 'state': 'RS', 'country': 'Brazil', 'postal_code': '90610-170', 'latitude': -30.06247621, 'longitude': -51.1792341}]
[2019-05-27 12:20:17,502] [INFO] [Address saved to database: {'street_number': '508', 'street_name': 'Avenida Plínio Brasil Milano', 'neighborhood': 'Higienópolis', 'city': 'Porto Alegre', 'state': 'RS', 'country': 'Brazil', 'postal_code': '90520-001', 'latitude': -30.02030812, 'longitude': -51.18087659}]
[2019-05-27 12:20:18,011] [WARNING] [Address couldn't be saved to database. Data returned from reverse_geocode API: []]
[2019-05-27 12:20:18,510] [WARNING] [Address couldn't be saved to database. Data returned from reverse_geocode API: []]
[2019-05-27 12:20:19,260] [INFO] [Address saved to database: {'street_number': '55', 'street_name': 'Avenida Berlim', 'neighborhood': 'São Geraldo', 'city': 'Porto Alegre', 'state': 'RS', 'country': 'Brazil', 'postal_code': '90240-581', 'latitude': -30.01260085, 'longitude': -51.20276975}]
[2019-05-27 12:20:19,800] [WARNING] [Address couldn't be saved to database. Data returned from reverse_geocode API: []]
[2019-05-27 12:20:20,566] [INFO] [Address saved to database: {'street_number': '1931', 'street_name': 'Avenida Bento Gonçalves', 'neighborhood': 'Partenon', 'city': 'Porto Alegre', 'state': 'RS', 'country': 'Brazil', 'postal_code': '90650-002', 'latitude': -30.05832218, 'longitude': -51.19503357}]
[2019-05-27 12:20:21,231] [WARNING] [Address couldn't be saved to database. Data returned from reverse_geocode API: []]
[2019-05-27 12:20:21,852] [INFO] [Address saved to database: {'street_number': '70', 'street_name': 'Rua Mexiana Ilha Da Pintada', 'neighborhood': 'Arquipélago', 'city': 'Porto Alegre', 'state': 'RS', 'country': 'Brazil', 'postal_code': '90090-130', 'latitude': -30.01351867, 'longitude': -51.26242635}]
[2019-05-27 12:20:22,416] [WARNING] [Address couldn't be saved to database. Data returned from reverse_geocode API: []]
[2019-05-27 12:20:23,178] [INFO] [Address saved to database: {'street_number': '1678', 'street_name': 'Avenida Benjamin Constant', 'neighborhood': 'São João', 'city': 'Porto Alegre', 'state': 'RS', 'country': 'Brazil', 'postal_code': '90550-002', 'latitude': -30.01611524, 'longitude': -51.19641592}]
[2019-05-27 12:20:23,762] [WARNING] [Address couldn't be saved to database. Data returned from reverse_geocode API: []]
[2019-05-27 12:20:24,466] [WARNING] [Address couldn't be saved to database. Data returned from reverse_geocode API: []]
[2019-05-27 12:20:25,219] [INFO] [Address saved to database: {'street_number': '151', 'street_name': 'Rua General Vitórino', 'neighborhood': 'Centro Histórico de Porto Alegre', 'city': 'Porto Alegre', 'state': 'RS', 'country': 'Brazil', 'postal_code': '90020-170', 'latitude': -30.03059067, 'longitude': -51.22519698}]
[2019-05-27 12:20:25,785] [WARNING] [Address couldn't be saved to database. Data returned from reverse_geocode API: []]
[2019-05-27 12:20:26,454] [INFO] [Address saved to database: {'street_number': '281', 'street_name': 'Rua Cuiabá', 'neighborhood': 'Medianeira', 'city': 'Porto Alegre', 'state': 'RS', 'country': 'Brazil', 'postal_code': '90880-030', 'latitude': -30.06305791, 'longitude': -51.20712559}]
[2019-05-27 13:12:05,874] [INFO] [CSV `data.csv` file saved at `/app/normalized_data`]
[2019-05-27 13:12:11,637] [INFO] [Address saved to database: {'street_number': '405', 'street_name': 'Rua Monsenhor Veras', 'neighborhood': 'Santana', 'city': 'Porto Alegre', 'state': 'RS', 'country': 'Brazil', 'postal_code': '90610-010', 'latitude': -30.04982864, 'longitude': -51.20150245}]
[2019-05-27 13:12:12,601] [INFO] [Address saved to database: {'street_number': '1979', 'street_name': 'Avenida Edvaldo Pereira Paiva', 'neighborhood': 'Praia de Belas', 'city': 'Porto Alegre', 'state': 'RS', 'country': 'Brazil', 'postal_code': '90110-060', 'latitude': -30.06761588, 'longitude': -51.23976111}]
[2019-05-27 13:12:13,297] [WARNING] [Address couldn't be saved to database. Data returned from reverse_geocode API: []]
[2019-05-27 13:12:13,965] [WARNING] [Address couldn't be saved to database. Data returned from reverse_geocode API: []]
[2019-05-27 13:12:14,515] [WARNING] [Address couldn't be saved to database. Data returned from reverse_geocode API: []]
[2019-05-27 13:12:15,382] [INFO] [Address saved to database: {'street_number': '71', 'street_name': 'Rua Felizardo de Farias', 'neighborhood': 'Santo Antônio', 'city': 'Porto Alegre', 'state': 'RS', 'country': 'Brazil', 'postal_code': '90660-130', 'latitude': -30.06713593, 'longitude': -51.20357392}]
[2019-05-27 13:12:16,197] [INFO] [Address saved to database: {'street_number': '77', 'street_name': 'Rua Gen Telmo Oliveira Santana', 'neighborhood': 'Paternon', 'city': 'Porto Alegre', 'state': 'RS', 'country': 'Brazil', 'postal_code': '90610-170', 'latitude': -30.06247621, 'longitude': -51.1792341}]
[2019-05-27 13:12:16,980] [INFO] [Address saved to database: {'street_number': '508', 'street_name': 'Avenida Plínio Brasil Milano', 'neighborhood': 'Higienópolis', 'city': 'Porto Alegre', 'state': 'RS', 'country': 'Brazil', 'postal_code': '90520-001', 'latitude': -30.02030812, 'longitude': -51.18087659}]
[2019-05-27 13:12:17,539] [WARNING] [Address couldn't be saved to database. Data returned from reverse_geocode API: []]
[2019-05-27 13:12:18,128] [WARNING] [Address couldn't be saved to database. Data returned from reverse_geocode API: []]
[2019-05-27 13:12:18,991] [INFO] [Address saved to database: {'street_number': '55', 'street_name': 'Avenida Berlim', 'neighborhood': 'São Geraldo', 'city': 'Porto Alegre', 'state': 'RS', 'country': 'Brazil', 'postal_code': '90240-581', 'latitude': -30.01260085, 'longitude': -51.20276975}]
[2019-05-27 13:12:19,543] [WARNING] [Address couldn't be saved to database. Data returned from reverse_geocode API: []]
[2019-05-27 13:12:20,380] [INFO] [Address saved to database: {'street_number': '1931', 'street_name': 'Avenida Bento Gonçalves', 'neighborhood': 'Partenon', 'city': 'Porto Alegre', 'state': 'RS', 'country': 'Brazil', 'postal_code': '90650-002', 'latitude': -30.05832218, 'longitude': -51.19503357}]
[2019-05-27 13:12:21,042] [WARNING] [Address couldn't be saved to database. Data returned from reverse_geocode API: []]
[2019-05-27 13:12:21,654] [INFO] [Address saved to database: {'street_number': '70', 'street_name': 'Rua Mexiana Ilha Da Pintada', 'neighborhood': 'Arquipélago', 'city': 'Porto Alegre', 'state': 'RS', 'country': 'Brazil', 'postal_code': '90090-130', 'latitude': -30.01351867, 'longitude': -51.26242635}]
[2019-05-27 13:12:22,184] [WARNING] [Address couldn't be saved to database. Data returned from reverse_geocode API: []]
[2019-05-27 13:12:22,998] [INFO] [Address saved to database: {'street_number': '1678', 'street_name': 'Avenida Benjamin Constant', 'neighborhood': 'São João', 'city': 'Porto Alegre', 'state': 'RS', 'country': 'Brazil', 'postal_code': '90550-002', 'latitude': -30.01611524, 'longitude': -51.19641592}]
[2019-05-27 13:12:23,544] [WARNING] [Address couldn't be saved to database. Data returned from reverse_geocode API: []]
[2019-05-27 13:12:24,117] [WARNING] [Address couldn't be saved to database. Data returned from reverse_geocode API: []]
[2019-05-27 13:12:24,880] [INFO] [Address saved to database: {'street_number': '151', 'street_name': 'Rua General Vitórino', 'neighborhood': 'Centro Histórico de Porto Alegre', 'city': 'Porto Alegre', 'state': 'RS', 'country': 'Brazil', 'postal_code': '90020-170', 'latitude': -30.03059067, 'longitude': -51.22519698}]
[2019-05-27 13:12:25,360] [WARNING] [Address couldn't be saved to database. Data returned from reverse_geocode API: []]
[2019-05-27 13:12:26,023] [INFO] [Address saved to database: {'street_number': '281', 'street_name': 'Rua Cuiabá', 'neighborhood': 'Medianeira', 'city': 'Porto Alegre', 'state': 'RS', 'country': 'Brazil', 'postal_code': '90880-030', 'latitude': -30.06305791, 'longitude': -51.20712559}]
[2019-05-27 19:57:14,950] [ERROR] [Invalid alias: The name clear can't be aliased because it is another magic command.]
[2019-05-27 19:57:14,956] [ERROR] [Invalid alias: The name more can't be aliased because it is another magic command.]
[2019-05-27 19:57:14,957] [ERROR] [Invalid alias: The name less can't be aliased because it is another magic command.]
[2019-05-27 19:57:14,957] [ERROR] [Invalid alias: The name man can't be aliased because it is another magic command.]
