[2019-05-20 15:01:08,487] [INFO] [>>> Starting the Coordinate Converter.]
[2019-05-20 15:01:08,489] [INFO] [Checking CSV File.]
[2019-05-20 15:01:08,492] [INFO] [Checking API Key.]
[2019-05-20 15:01:13,140] [WARNING] [Address couldn't be saved to database. Data returned from reverse_geocode API: []]
[2019-05-20 15:01:40,672] [INFO] [>>> Starting the Coordinate Converter.]
[2019-05-20 15:01:40,674] [INFO] [Setting log level to DEBUG]
[2019-05-20 15:01:40,677] [INFO] [Checking CSV File.]
[2019-05-20 15:01:40,692] [INFO] [Checking API Key.]
[2019-05-20 15:01:40,715] [DEBUG] [Starting new HTTPS connection (1): maps.googleapis.com:443]
[2019-05-20 15:01:41,138] [DEBUG] [https://maps.googleapis.com:443 "GET /maps/api/geocode/json?latlng=30.108499%2C-51.317228&key=***REMOVED*** HTTP/1.1" 200 107]
[2019-05-20 15:01:41,147] [DEBUG] [API Key OK ***REMOVED***]
[2019-05-20 15:01:41,148] [DEBUG] [Instantiating Converter]
[2019-05-20 15:01:50,984] [DEBUG] [Starting new HTTPS connection (1): maps.googleapis.com:443]
[2019-05-20 15:01:51,401] [DEBUG] [https://maps.googleapis.com:443 "GET /maps/api/geocode/json?latlng=-30.041087%2C-51.23223&location_type=ROOFTOP&result_type=street_address&key=***REMOVED*** HTTP/1.1" 200 147]
[2019-05-20 15:01:51,404] [WARNING] [Address couldn't be saved to database. Data returned from reverse_geocode API: []]
[2019-05-20 15:01:51,627] [DEBUG] [https://maps.googleapis.com:443 "GET /maps/api/geocode/json?latlng=-30.066682%2C-51.186005&location_type=ROOFTOP&result_type=street_address&key=***REMOVED*** HTTP/1.1" 200 655]
[2019-05-20 15:06:27,680] [INFO] [>>> Starting the Coordinate Converter.]
[2019-05-20 15:06:27,684] [INFO] [Setting log level to DEBUG]
[2019-05-20 15:06:27,685] [INFO] [Checking CSV File.]
[2019-05-20 15:06:27,692] [INFO] [Checking API Key.]
[2019-05-20 15:06:27,707] [DEBUG] [Starting new HTTPS connection (1): maps.googleapis.com:443]
[2019-05-20 15:06:28,315] [DEBUG] [https://maps.googleapis.com:443 "GET /maps/api/geocode/json?latlng=30.108499%2C-51.317228&key=***REMOVED*** HTTP/1.1" 200 107]
[2019-05-20 15:06:28,318] [DEBUG] [API Key OK ***REMOVED***]
[2019-05-20 15:06:28,320] [DEBUG] [Instantiating Converter]
[2019-05-20 15:06:30,931] [DEBUG] [Starting new HTTPS connection (1): maps.googleapis.com:443]
[2019-05-20 15:06:31,519] [DEBUG] [https://maps.googleapis.com:443 "GET /maps/api/geocode/json?latlng=-30.041087%2C-51.23223&location_type=ROOFTOP&result_type=street_address&key=***REMOVED*** HTTP/1.1" 200 147]
[2019-05-20 15:06:31,521] [WARNING] [Address couldn't be saved to database. Data returned from reverse_geocode API: []]
[2019-05-20 15:06:32,234] [DEBUG] [https://maps.googleapis.com:443 "GET /maps/api/geocode/json?latlng=-30.066682%2C-51.186005&location_type=ROOFTOP&result_type=street_address&key=***REMOVED*** HTTP/1.1" 200 655]
[2019-05-20 15:06:41,140] [INFO] [Address saved to database: {'street_number': '2351', 'street_name': 'Rua Coronel Aparício Borges', 'neighborhood': 'Coronel Aparicio Borges', 'city': 'Porto Alegre', 'state': 'RS', 'country': 'Brazil', 'postal_code': '90680-570', 'latitute': -30.06668175, 'longitute': -51.18600466}]
[2019-05-20 15:06:41,757] [DEBUG] [https://maps.googleapis.com:443 "GET /maps/api/geocode/json?latlng=-30.014485%2C-51.212053&location_type=ROOFTOP&result_type=street_address&key=***REMOVED*** HTTP/1.1" 200 649]
[2019-05-20 15:06:44,431] [INFO] [Address saved to database: {'street_number': '2136', 'street_name': 'Rua Voluntários da Pátria', 'neighborhood': 'Centro Histórico de Porto Alegre', 'city': 'Porto Alegre', 'state': 'RS', 'country': 'Brazil', 'postal_code': '90030-001', 'latitute': -30.01448479, 'longitute': -51.21205259}]
[2019-05-20 15:06:44,876] [DEBUG] [https://maps.googleapis.com:443 "GET /maps/api/geocode/json?latlng=-30.001555%2C-51.23262&location_type=ROOFTOP&result_type=street_address&key=***REMOVED*** HTTP/1.1" 200 163]
[2019-05-20 15:06:44,879] [WARNING] [Address couldn't be saved to database. Data returned from reverse_geocode API: []]
[2019-05-20 15:06:45,374] [DEBUG] [https://maps.googleapis.com:443 "GET /maps/api/geocode/json?latlng=-30.027792%2C-51.171009&location_type=ROOFTOP&result_type=street_address&key=***REMOVED*** HTTP/1.1" 200 644]
[2019-05-20 15:06:48,734] [INFO] [Address saved to database: {'street_number': '2098', 'street_name': 'Avenida Doutor Nilo Peçanha', 'neighborhood': 'Petrópolis', 'city': 'Porto Alegre', 'state': 'RS', 'country': 'Brazil', 'postal_code': '90470-001', 'latitute': -30.02779224, 'longitute': -51.17100925}]
[2019-05-20 15:06:49,225] [DEBUG] [https://maps.googleapis.com:443 "GET /maps/api/geocode/json?latlng=-29.993579%2C-51.235419&location_type=ROOFTOP&result_type=street_address&key=***REMOVED*** HTTP/1.1" 200 164]
[2019-05-20 15:06:49,228] [WARNING] [Address couldn't be saved to database. Data returned from reverse_geocode API: []]
[2019-05-20 15:06:49,692] [DEBUG] [https://maps.googleapis.com:443 "GET /maps/api/geocode/json?latlng=-30.016489%2C-51.249546&location_type=ROOFTOP&result_type=street_address&key=***REMOVED*** HTTP/1.1" 200 164]
[2019-05-20 15:06:49,695] [WARNING] [Address couldn't be saved to database. Data returned from reverse_geocode API: []]
[2019-05-20 15:06:50,064] [DEBUG] [https://maps.googleapis.com:443 "GET /maps/api/geocode/json?latlng=-30.058499%2C-51.186725&location_type=ROOFTOP&result_type=street_address&key=***REMOVED*** HTTP/1.1" 200 147]
[2019-05-20 15:06:50,067] [WARNING] [Address couldn't be saved to database. Data returned from reverse_geocode API: []]
[2019-05-20 15:06:50,432] [DEBUG] [https://maps.googleapis.com:443 "GET /maps/api/geocode/json?latlng=-30.046272%2C-51.247215&location_type=ROOFTOP&result_type=street_address&key=***REMOVED*** HTTP/1.1" 200 147]
[2019-05-20 15:06:50,434] [WARNING] [Address couldn't be saved to database. Data returned from reverse_geocode API: []]
[2019-05-20 15:06:50,875] [DEBUG] [https://maps.googleapis.com:443 "GET /maps/api/geocode/json?latlng=-30.053417%2C-51.209475&location_type=ROOFTOP&result_type=street_address&key=***REMOVED*** HTTP/1.1" 200 630]
[2019-05-20 15:06:53,430] [INFO] [Address saved to database: {'street_number': '236', 'street_name': 'Rua Mansão', 'neighborhood': 'Santo Antônio', 'city': 'Porto Alegre', 'state': 'RS', 'country': 'Brazil', 'postal_code': '90650-030', 'latitute': -30.05341701, 'longitute': -51.20947473}]
[2019-05-20 15:06:53,844] [DEBUG] [https://maps.googleapis.com:443 "GET /maps/api/geocode/json?latlng=-30.008705%2C-51.223921&location_type=ROOFTOP&result_type=street_address&key=***REMOVED*** HTTP/1.1" 200 163]
[2019-05-20 15:06:53,847] [WARNING] [Address couldn't be saved to database. Data returned from reverse_geocode API: []]
[2019-05-20 15:06:54,234] [DEBUG] [https://maps.googleapis.com:443 "GET /maps/api/geocode/json?latlng=-30.050293%2C-51.262162&location_type=ROOFTOP&result_type=street_address&key=***REMOVED*** HTTP/1.1" 200 163]
[2019-05-20 15:06:54,236] [WARNING] [Address couldn't be saved to database. Data returned from reverse_geocode API: []]
[2019-05-20 15:06:54,747] [DEBUG] [https://maps.googleapis.com:443 "GET /maps/api/geocode/json?latlng=-30.077903%2C-51.203679&location_type=ROOFTOP&result_type=street_address&key=***REMOVED*** HTTP/1.1" 200 629]
[2019-05-20 15:06:58,092] [INFO] [Address saved to database: {'street_number': '237', 'street_name': 'Avenida Sergipe', 'neighborhood': 'Glória', 'city': 'Porto Alegre', 'state': 'RS', 'country': 'Brazil', 'postal_code': '91720-110', 'latitute': -30.07790316, 'longitute': -51.2036786}]
[2019-05-20 15:06:58,600] [DEBUG] [https://maps.googleapis.com:443 "GET /maps/api/geocode/json?latlng=-30.059682%2C-51.195864&location_type=ROOFTOP&result_type=street_address&key=***REMOVED*** HTTP/1.1" 200 628]
[2019-05-20 15:07:01,043] [INFO] [Address saved to database: {'street_number': '172', 'street_name': 'Rua Humberto de Campos', 'neighborhood': 'Partenon', 'city': 'Porto Alegre', 'state': 'RS', 'country': 'Brazil', 'postal_code': '90660-280', 'latitute': -30.05968178, 'longitute': -51.1958636}]
[2019-05-20 15:07:01,413] [DEBUG] [https://maps.googleapis.com:443 "GET /maps/api/geocode/json?latlng=-30.012431%2C-51.258278&location_type=ROOFTOP&result_type=street_address&key=***REMOVED*** HTTP/1.1" 200 650]
[2019-05-20 15:07:04,285] [INFO] [Address saved to database: {'street_number': '167', 'street_name': 'Rua Cap Coelho Ilha Da Pintada', 'neighborhood': 'Arquipélago', 'city': 'Porto Alegre', 'state': 'RS', 'country': 'Brazil', 'postal_code': '90090-040', 'latitute': -30.01243072, 'longitute': -51.25827784}]
[2019-05-20 15:07:04,765] [DEBUG] [https://maps.googleapis.com:443 "GET /maps/api/geocode/json?latlng=-30.039727%2C-51.190058&location_type=ROOFTOP&result_type=street_address&key=***REMOVED*** HTTP/1.1" 200 633]
[2019-05-20 15:07:07,394] [INFO] [Address saved to database: {'street_number': '32', 'street_name': 'Avenida Alegrete', 'neighborhood': 'Petrópolis', 'city': 'Porto Alegre', 'state': 'RS', 'country': 'Brazil', 'postal_code': '90460-100', 'latitute': -30.03972704, 'longitute': -51.19005805}]
[2019-05-20 15:07:07,800] [DEBUG] [https://maps.googleapis.com:443 "GET /maps/api/geocode/json?latlng=-30.060705%2C-51.177647&location_type=ROOFTOP&result_type=street_address&key=***REMOVED*** HTTP/1.1" 200 636]
[2019-05-20 15:07:10,367] [INFO] [Address saved to database: {'street_number': '27', 'street_name': 'Rua Nelson Duarte Brochado', 'neighborhood': 'Partenon', 'city': 'Porto Alegre', 'state': 'RS', 'country': 'Brazil', 'postal_code': '90610-090', 'latitute': -30.06070468, 'longitute': -51.17764669}]
[2019-05-20 15:07:10,865] [DEBUG] [https://maps.googleapis.com:443 "GET /maps/api/geocode/json?latlng=-30.045331%2C-51.221243&location_type=ROOFTOP&result_type=street_address&key=***REMOVED*** HTTP/1.1" 200 639]
[2019-05-20 15:07:13,320] [INFO] [Address saved to database: {'street_number': '1217', 'street_name': 'Avenida Getúlio Vargas', 'neighborhood': 'Menino Deus', 'city': 'Porto Alegre', 'state': 'RS', 'country': 'Brazil', 'postal_code': '90150-005', 'latitute': -30.04533078, 'longitute': -51.221242600000004}]
[2019-05-20 15:07:13,947] [DEBUG] [https://maps.googleapis.com:443 "GET /maps/api/geocode/json?latlng=-29.999041%2C-51.21698&location_type=ROOFTOP&result_type=street_address&key=***REMOVED*** HTTP/1.1" 200 163]
[2019-05-20 15:07:13,950] [WARNING] [Address couldn't be saved to database. Data returned from reverse_geocode API: []]
[2019-05-20 15:07:14,411] [DEBUG] [https://maps.googleapis.com:443 "GET /maps/api/geocode/json?latlng=-30.052413%2C-51.185247&location_type=ROOFTOP&result_type=street_address&key=***REMOVED*** HTTP/1.1" 200 628]
[2019-05-20 15:07:48,822] [INFO] [Address saved to database: {'street_number': '905', 'street_name': 'Rua Itaboraí', 'neighborhood': 'Jardom Botanico', 'city': 'Porto Alegre', 'state': 'RS', 'country': 'Brazil', 'postal_code': '90670-030', 'latitute': -30.05241274, 'longitute': -51.18524664}]
[2019-05-20 15:07:49,276] [DEBUG] [https://maps.googleapis.com:443 "GET /maps/api/geocode/json?latlng=-30.051193%2C-51.231548&location_type=ROOFTOP&result_type=street_address&key=***REMOVED*** HTTP/1.1" 200 147]
[2019-05-20 15:07:49,279] [WARNING] [Address couldn't be saved to database. Data returned from reverse_geocode API: []]
[2019-05-20 15:07:49,694] [DEBUG] [https://maps.googleapis.com:443 "GET /maps/api/geocode/json?latlng=-30.058042%2C-51.209064&location_type=ROOFTOP&result_type=street_address&key=***REMOVED*** HTTP/1.1" 200 638]
[2019-05-20 15:07:50,626] [INFO] [Address saved to database: {'street_number': '716', 'street_name': 'Avenida Oscar Pereira', 'neighborhood': 'Azenha', 'city': 'Porto Alegre', 'state': 'RS', 'country': 'Brazil', 'postal_code': '90640-070', 'latitute': -30.05804203, 'longitute': -51.20906409}]
[2019-05-20 15:07:51,158] [DEBUG] [https://maps.googleapis.com:443 "GET /maps/api/geocode/json?latlng=-30.038288%2C-51.187433&location_type=ROOFTOP&result_type=street_address&key=***REMOVED*** HTTP/1.1" 200 632]
[2019-05-20 15:07:52,039] [INFO] [Address saved to database: {'street_number': '624', 'street_name': 'Avenida Ijuí', 'neighborhood': 'Petrópolis', 'city': 'Porto Alegre', 'state': 'RS', 'country': 'Brazil', 'postal_code': '90460-200', 'latitute': -30.03828808, 'longitute': -51.18743309}]
[2019-05-20 15:07:52,479] [DEBUG] [https://maps.googleapis.com:443 "GET /maps/api/geocode/json?latlng=-30.018384%2C-51.185293&location_type=ROOFTOP&result_type=street_address&key=***REMOVED*** HTTP/1.1" 200 638]
[2019-05-20 15:07:53,249] [INFO] [Address saved to database: {'street_number': '1832', 'street_name': 'Rua Marquês do Pombal', 'neighborhood': 'Higienópolis', 'city': 'Porto Alegre', 'state': 'RS', 'country': 'Brazil', 'postal_code': '90540-001', 'latitute': -30.01838382, 'longitute': -51.18529312}]
[2019-05-20 15:07:53,773] [DEBUG] [https://maps.googleapis.com:443 "GET /maps/api/geocode/json?latlng=-30.067722%2C-51.246414&location_type=ROOFTOP&result_type=street_address&key=***REMOVED*** HTTP/1.1" 200 147]
[2019-05-20 15:07:53,776] [WARNING] [Address couldn't be saved to database. Data returned from reverse_geocode API: []]
[2019-05-20 15:07:54,168] [DEBUG] [https://maps.googleapis.com:443 "GET /maps/api/geocode/json?latlng=-30.028224%2C-51.210107&location_type=ROOFTOP&result_type=street_address&key=***REMOVED*** HTTP/1.1" 200 637]
[2019-05-20 15:07:54,622] [INFO] [Address saved to database: {'street_number': '367', 'street_name': 'Rua André Puente', 'neighborhood': 'Independência', 'city': 'Porto Alegre', 'state': 'RS', 'country': 'Brazil', 'postal_code': '90035-150', 'latitute': -30.02822391, 'longitute': -51.21010739}]
[2019-05-20 15:07:55,077] [DEBUG] [https://maps.googleapis.com:443 "GET /maps/api/geocode/json?latlng=-30.063645%2C-51.229827&location_type=ROOFTOP&result_type=street_address&key=***REMOVED*** HTTP/1.1" 200 615]
[2019-05-20 15:07:55,873] [INFO] [Address saved to database: {'street_number': '310', 'street_name': 'Rua Miguel Couto', 'neighborhood': 'Menino Deus', 'city': 'Porto Alegre', 'state': 'RS', 'country': 'Brazil', 'postal_code': '90850-050', 'latitute': -30.06364492, 'longitute': -51.22982706}]
[2019-05-20 15:07:56,372] [DEBUG] [https://maps.googleapis.com:443 "GET /maps/api/geocode/json?latlng=-30.020415%2C-51.202832&location_type=ROOFTOP&result_type=street_address&key=***REMOVED*** HTTP/1.1" 200 638]
[2019-05-20 15:16:40,863] [INFO] [>>> Starting the Coordinate Converter.]
[2019-05-20 15:16:40,865] [INFO] [Setting log level to DEBUG]
[2019-05-20 15:16:40,866] [INFO] [Checking CSV File.]
[2019-05-20 15:16:40,872] [INFO] [Checking API Key.]
[2019-05-20 15:16:40,888] [DEBUG] [Starting new HTTPS connection (1): maps.googleapis.com:443]
[2019-05-20 15:16:41,464] [DEBUG] [https://maps.googleapis.com:443 "GET /maps/api/geocode/json?latlng=30.108499%2C-51.317228&key=***REMOVED*** HTTP/1.1" 200 107]
[2019-05-20 15:16:41,469] [DEBUG] [API Key OK ***REMOVED***]
[2019-05-20 15:16:41,472] [DEBUG] [Instantiating Converter]
[2019-05-20 15:16:42,780] [DEBUG] [Starting new HTTPS connection (1): maps.googleapis.com:443]
[2019-05-20 15:16:43,357] [DEBUG] [https://maps.googleapis.com:443 "GET /maps/api/geocode/json?latlng=-30.041087%2C-51.23223&location_type=ROOFTOP&result_type=street_address&key=***REMOVED*** HTTP/1.1" 200 147]
[2019-05-20 15:16:43,360] [WARNING] [Address couldn't be saved to database. Data returned from reverse_geocode API: []]
[2019-05-20 15:16:43,749] [DEBUG] [https://maps.googleapis.com:443 "GET /maps/api/geocode/json?latlng=-30.066682%2C-51.186005&location_type=ROOFTOP&result_type=street_address&key=***REMOVED*** HTTP/1.1" 200 655]
[2019-05-20 15:16:44,949] [INFO] [Address saved to database: {'street_number': '2351', 'street_name': 'Rua Coronel Aparício Borges', 'neighborhood': 'Coronel Aparicio Borges', 'city': 'Porto Alegre', 'state': 'RS', 'country': 'Brazil', 'postal_code': '90680-570', 'latitute': -30.06668175, 'longitute': -51.18600466}]
[2019-05-20 15:16:45,531] [DEBUG] [https://maps.googleapis.com:443 "GET /maps/api/geocode/json?latlng=-30.014485%2C-51.212053&location_type=ROOFTOP&result_type=street_address&key=***REMOVED*** HTTP/1.1" 200 649]
[2019-05-20 15:16:48,471] [INFO] [Address saved to database: {'street_number': '2136', 'street_name': 'Rua Voluntários da Pátria', 'neighborhood': 'Centro Histórico de Porto Alegre', 'city': 'Porto Alegre', 'state': 'RS', 'country': 'Brazil', 'postal_code': '90030-001', 'latitute': -30.01448479, 'longitute': -51.21205259}]
[2019-05-20 15:16:48,904] [DEBUG] [https://maps.googleapis.com:443 "GET /maps/api/geocode/json?latlng=-30.001555%2C-51.23262&location_type=ROOFTOP&result_type=street_address&key=***REMOVED*** HTTP/1.1" 200 163]
[2019-05-20 15:16:48,906] [WARNING] [Address couldn't be saved to database. Data returned from reverse_geocode API: []]
[2019-05-20 15:16:49,351] [DEBUG] [https://maps.googleapis.com:443 "GET /maps/api/geocode/json?latlng=-30.027792%2C-51.171009&location_type=ROOFTOP&result_type=street_address&key=***REMOVED*** HTTP/1.1" 200 644]
[2019-05-20 15:16:50,511] [INFO] [Address saved to database: {'street_number': '2098', 'street_name': 'Avenida Doutor Nilo Peçanha', 'neighborhood': 'Petrópolis', 'city': 'Porto Alegre', 'state': 'RS', 'country': 'Brazil', 'postal_code': '90470-001', 'latitute': -30.02779224, 'longitute': -51.17100925}]
[2019-05-20 15:16:51,037] [DEBUG] [https://maps.googleapis.com:443 "GET /maps/api/geocode/json?latlng=-29.993579%2C-51.235419&location_type=ROOFTOP&result_type=street_address&key=***REMOVED*** HTTP/1.1" 200 164]
[2019-05-20 15:16:51,040] [WARNING] [Address couldn't be saved to database. Data returned from reverse_geocode API: []]
[2019-05-20 15:16:51,529] [DEBUG] [https://maps.googleapis.com:443 "GET /maps/api/geocode/json?latlng=-30.016489%2C-51.249546&location_type=ROOFTOP&result_type=street_address&key=***REMOVED*** HTTP/1.1" 200 164]
[2019-05-20 15:16:51,531] [WARNING] [Address couldn't be saved to database. Data returned from reverse_geocode API: []]
[2019-05-20 15:16:52,030] [DEBUG] [https://maps.googleapis.com:443 "GET /maps/api/geocode/json?latlng=-30.058499%2C-51.186725&location_type=ROOFTOP&result_type=street_address&key=***REMOVED*** HTTP/1.1" 200 147]
[2019-05-20 15:16:52,034] [WARNING] [Address couldn't be saved to database. Data returned from reverse_geocode API: []]
[2019-05-20 15:16:52,433] [DEBUG] [https://maps.googleapis.com:443 "GET /maps/api/geocode/json?latlng=-30.046272%2C-51.247215&location_type=ROOFTOP&result_type=street_address&key=***REMOVED*** HTTP/1.1" 200 147]
[2019-05-20 15:16:52,436] [WARNING] [Address couldn't be saved to database. Data returned from reverse_geocode API: []]
[2019-05-20 15:16:52,861] [DEBUG] [https://maps.googleapis.com:443 "GET /maps/api/geocode/json?latlng=-30.053417%2C-51.209475&location_type=ROOFTOP&result_type=street_address&key=***REMOVED*** HTTP/1.1" 200 630]
[2019-05-20 15:27:18,912] [INFO] [Address saved to database: {'street_number': '236', 'street_name': 'Rua Mansão', 'neighborhood': 'Santo Antônio', 'city': 'Porto Alegre', 'state': 'RS', 'country': 'Brazil', 'postal_code': '90650-030', 'latitute': -30.05341701, 'longitute': -51.20947473}]
[2019-05-20 15:27:19,001] [DEBUG] [Resetting dropped connection: maps.googleapis.com]
[2019-05-20 15:27:19,711] [DEBUG] [https://maps.googleapis.com:443 "GET /maps/api/geocode/json?latlng=-30.008705%2C-51.223921&location_type=ROOFTOP&result_type=street_address&key=***REMOVED*** HTTP/1.1" 200 163]
[2019-05-20 15:27:19,714] [WARNING] [Address couldn't be saved to database. Data returned from reverse_geocode API: []]
[2019-05-20 15:27:20,186] [DEBUG] [https://maps.googleapis.com:443 "GET /maps/api/geocode/json?latlng=-30.050293%2C-51.262162&location_type=ROOFTOP&result_type=street_address&key=***REMOVED*** HTTP/1.1" 200 163]
[2019-05-20 15:27:20,189] [WARNING] [Address couldn't be saved to database. Data returned from reverse_geocode API: []]
[2019-05-20 15:27:20,663] [DEBUG] [https://maps.googleapis.com:443 "GET /maps/api/geocode/json?latlng=-30.077903%2C-51.203679&location_type=ROOFTOP&result_type=street_address&key=***REMOVED*** HTTP/1.1" 200 629]
[2019-05-20 15:27:37,201] [INFO] [Address saved to database: {'street_number': '237', 'street_name': 'Avenida Sergipe', 'neighborhood': 'Glória', 'city': 'Porto Alegre', 'state': 'RS', 'country': 'Brazil', 'postal_code': '91720-110', 'latitute': -30.07790316, 'longitute': -51.2036786}]
[2019-05-20 15:27:37,675] [DEBUG] [https://maps.googleapis.com:443 "GET /maps/api/geocode/json?latlng=-30.059682%2C-51.195864&location_type=ROOFTOP&result_type=street_address&key=***REMOVED*** HTTP/1.1" 200 628]
[2019-05-20 15:27:38,361] [INFO] [Address saved to database: {'street_number': '172', 'street_name': 'Rua Humberto de Campos', 'neighborhood': 'Partenon', 'city': 'Porto Alegre', 'state': 'RS', 'country': 'Brazil', 'postal_code': '90660-280', 'latitute': -30.05968178, 'longitute': -51.1958636}]
[2019-05-20 15:27:38,823] [DEBUG] [https://maps.googleapis.com:443 "GET /maps/api/geocode/json?latlng=-30.012431%2C-51.258278&location_type=ROOFTOP&result_type=street_address&key=***REMOVED*** HTTP/1.1" 200 650]
[2019-05-20 15:27:39,333] [INFO] [Address saved to database: {'street_number': '167', 'street_name': 'Rua Cap Coelho Ilha Da Pintada', 'neighborhood': 'Arquipélago', 'city': 'Porto Alegre', 'state': 'RS', 'country': 'Brazil', 'postal_code': '90090-040', 'latitute': -30.01243072, 'longitute': -51.25827784}]
[2019-05-20 15:27:39,799] [DEBUG] [https://maps.googleapis.com:443 "GET /maps/api/geocode/json?latlng=-30.039727%2C-51.190058&location_type=ROOFTOP&result_type=street_address&key=***REMOVED*** HTTP/1.1" 200 633]
[2019-05-20 15:27:40,288] [INFO] [Address saved to database: {'street_number': '32', 'street_name': 'Avenida Alegrete', 'neighborhood': 'Petrópolis', 'city': 'Porto Alegre', 'state': 'RS', 'country': 'Brazil', 'postal_code': '90460-100', 'latitute': -30.03972704, 'longitute': -51.19005805}]
[2019-05-20 15:27:40,752] [DEBUG] [https://maps.googleapis.com:443 "GET /maps/api/geocode/json?latlng=-30.060705%2C-51.177647&location_type=ROOFTOP&result_type=street_address&key=***REMOVED*** HTTP/1.1" 200 636]
[2019-05-20 15:27:41,222] [INFO] [Address saved to database: {'street_number': '27', 'street_name': 'Rua Nelson Duarte Brochado', 'neighborhood': 'Partenon', 'city': 'Porto Alegre', 'state': 'RS', 'country': 'Brazil', 'postal_code': '90610-090', 'latitute': -30.06070468, 'longitute': -51.17764669}]
[2019-05-20 15:27:41,692] [DEBUG] [https://maps.googleapis.com:443 "GET /maps/api/geocode/json?latlng=-30.045331%2C-51.221243&location_type=ROOFTOP&result_type=street_address&key=***REMOVED*** HTTP/1.1" 200 639]
[2019-05-20 15:27:42,202] [INFO] [Address saved to database: {'street_number': '1217', 'street_name': 'Avenida Getúlio Vargas', 'neighborhood': 'Menino Deus', 'city': 'Porto Alegre', 'state': 'RS', 'country': 'Brazil', 'postal_code': '90150-005', 'latitute': -30.04533078, 'longitute': -51.221242600000004}]
[2019-05-20 15:27:42,653] [DEBUG] [https://maps.googleapis.com:443 "GET /maps/api/geocode/json?latlng=-29.999041%2C-51.21698&location_type=ROOFTOP&result_type=street_address&key=***REMOVED*** HTTP/1.1" 200 163]
[2019-05-20 15:27:42,656] [WARNING] [Address couldn't be saved to database. Data returned from reverse_geocode API: []]
[2019-05-20 15:27:43,085] [DEBUG] [https://maps.googleapis.com:443 "GET /maps/api/geocode/json?latlng=-30.052413%2C-51.185247&location_type=ROOFTOP&result_type=street_address&key=***REMOVED*** HTTP/1.1" 200 628]
[2019-05-20 15:27:43,836] [INFO] [Address saved to database: {'street_number': '905', 'street_name': 'Rua Itaboraí', 'neighborhood': 'Jardom Botanico', 'city': 'Porto Alegre', 'state': 'RS', 'country': 'Brazil', 'postal_code': '90670-030', 'latitute': -30.05241274, 'longitute': -51.18524664}]
[2019-05-20 15:27:44,272] [DEBUG] [https://maps.googleapis.com:443 "GET /maps/api/geocode/json?latlng=-30.051193%2C-51.231548&location_type=ROOFTOP&result_type=street_address&key=***REMOVED*** HTTP/1.1" 200 147]
[2019-05-20 15:27:44,275] [WARNING] [Address couldn't be saved to database. Data returned from reverse_geocode API: []]
[2019-05-20 15:27:44,800] [DEBUG] [https://maps.googleapis.com:443 "GET /maps/api/geocode/json?latlng=-30.058042%2C-51.209064&location_type=ROOFTOP&result_type=street_address&key=***REMOVED*** HTTP/1.1" 200 638]
[2019-05-20 15:27:45,302] [INFO] [Address saved to database: {'street_number': '716', 'street_name': 'Avenida Oscar Pereira', 'neighborhood': 'Azenha', 'city': 'Porto Alegre', 'state': 'RS', 'country': 'Brazil', 'postal_code': '90640-070', 'latitute': -30.05804203, 'longitute': -51.20906409}]
[2019-05-20 15:27:45,847] [DEBUG] [https://maps.googleapis.com:443 "GET /maps/api/geocode/json?latlng=-30.038288%2C-51.187433&location_type=ROOFTOP&result_type=street_address&key=***REMOVED*** HTTP/1.1" 200 632]
[2019-05-20 15:28:07,756] [INFO] [Address saved to database: {'street_number': '624', 'street_name': 'Avenida Ijuí', 'neighborhood': 'Petrópolis', 'city': 'Porto Alegre', 'state': 'RS', 'country': 'Brazil', 'postal_code': '90460-200', 'latitute': -30.03828808, 'longitute': -51.18743309}]
[2019-05-20 15:28:08,243] [DEBUG] [https://maps.googleapis.com:443 "GET /maps/api/geocode/json?latlng=-30.018384%2C-51.185293&location_type=ROOFTOP&result_type=street_address&key=***REMOVED*** HTTP/1.1" 200 638]
[2019-05-20 15:28:08,895] [INFO] [Address saved to database: {'street_number': '1832', 'street_name': 'Rua Marquês do Pombal', 'neighborhood': 'Higienópolis', 'city': 'Porto Alegre', 'state': 'RS', 'country': 'Brazil', 'postal_code': '90540-001', 'latitute': -30.01838382, 'longitute': -51.18529312}]
[2019-05-20 15:28:09,432] [DEBUG] [https://maps.googleapis.com:443 "GET /maps/api/geocode/json?latlng=-30.067722%2C-51.246414&location_type=ROOFTOP&result_type=street_address&key=***REMOVED*** HTTP/1.1" 200 147]
[2019-05-20 15:28:09,440] [WARNING] [Address couldn't be saved to database. Data returned from reverse_geocode API: []]
[2019-05-20 15:28:09,878] [DEBUG] [https://maps.googleapis.com:443 "GET /maps/api/geocode/json?latlng=-30.028224%2C-51.210107&location_type=ROOFTOP&result_type=street_address&key=***REMOVED*** HTTP/1.1" 200 637]
[2019-05-20 15:28:09,936] [INFO] [Address saved to database: {'street_number': '367', 'street_name': 'Rua André Puente', 'neighborhood': 'Independência', 'city': 'Porto Alegre', 'state': 'RS', 'country': 'Brazil', 'postal_code': '90035-150', 'latitute': -30.02822391, 'longitute': -51.21010739}]
[2019-05-20 15:28:10,431] [DEBUG] [https://maps.googleapis.com:443 "GET /maps/api/geocode/json?latlng=-30.063645%2C-51.229827&location_type=ROOFTOP&result_type=street_address&key=***REMOVED*** HTTP/1.1" 200 615]
[2019-05-20 15:28:11,063] [INFO] [Address saved to database: {'street_number': '310', 'street_name': 'Rua Miguel Couto', 'neighborhood': 'Menino Deus', 'city': 'Porto Alegre', 'state': 'RS', 'country': 'Brazil', 'postal_code': '90850-050', 'latitute': -30.06364492, 'longitute': -51.22982706}]
[2019-05-20 15:28:11,467] [DEBUG] [https://maps.googleapis.com:443 "GET /maps/api/geocode/json?latlng=-30.020415%2C-51.202832&location_type=ROOFTOP&result_type=street_address&key=***REMOVED*** HTTP/1.1" 200 638]
[2019-05-20 15:28:11,677] [INFO] [Address saved to database: {'street_number': '171', 'street_name': 'Rua Marquês do Pombal', 'neighborhood': 'Moinhos de Vento', 'city': 'Porto Alegre', 'state': 'RS', 'country': 'Brazil', 'postal_code': '90540-001', 'latitute': -30.02041466, 'longitute': -51.20283247}]
[2019-05-20 15:28:12,185] [DEBUG] [https://maps.googleapis.com:443 "GET /maps/api/geocode/json?latlng=-30.029455%2C-51.199765&location_type=ROOFTOP&result_type=street_address&key=***REMOVED*** HTTP/1.1" 200 620]
[2019-05-20 15:28:12,193] [INFO] [Address saved to database: {'street_number': '570', 'street_name': 'Rua Dona Laura', 'neighborhood': 'Rio Branco', 'city': 'Porto Alegre', 'state': 'RS', 'country': 'Brazil', 'postal_code': '90430-091', 'latitute': -30.02945549, 'longitute': -51.19976547}]
[2019-05-20 15:28:12,552] [DEBUG] [https://maps.googleapis.com:443 "GET /maps/api/geocode/json?latlng=-30.040333%2C-51.263726&location_type=ROOFTOP&result_type=street_address&key=***REMOVED*** HTTP/1.1" 200 163]
[2019-05-20 15:28:12,559] [WARNING] [Address couldn't be saved to database. Data returned from reverse_geocode API: []]
[2019-05-20 15:28:12,974] [DEBUG] [https://maps.googleapis.com:443 "GET /maps/api/geocode/json?latlng=-30.052482%2C-51.20671&location_type=ROOFTOP&result_type=street_address&key=***REMOVED*** HTTP/1.1" 200 635]
[2019-05-20 15:28:12,981] [INFO] [Address saved to database: {'street_number': '40', 'street_name': 'Rua Guilherme Schell', 'neighborhood': 'Santo Antônio', 'city': 'Porto Alegre', 'state': 'RS', 'country': 'Brazil', 'postal_code': '90640-040', 'latitute': -30.05248222, 'longitute': -51.2067104}]
[2019-05-20 15:28:13,373] [DEBUG] [https://maps.googleapis.com:443 "GET /maps/api/geocode/json?latlng=-30.077173%2C-51.219387&location_type=ROOFTOP&result_type=street_address&key=***REMOVED*** HTTP/1.1" 200 624]
[2019-05-20 15:28:13,382] [INFO] [Address saved to database: {'street_number': '118', 'street_name': 'Rua Gibran Khalil Gibran', 'neighborhood': 'Santa Tereza', 'city': 'Porto Alegre', 'state': 'RS', 'country': 'Brazil', 'postal_code': '90840-510', 'latitute': -30.07717335, 'longitute': -51.21938723}]
[2019-05-20 15:28:13,869] [DEBUG] [https://maps.googleapis.com:443 "GET /maps/api/geocode/json?latlng=-30.049696%2C-51.226571&location_type=ROOFTOP&result_type=street_address&key=***REMOVED*** HTTP/1.1" 200 631]
[2019-05-20 15:28:13,881] [INFO] [Address saved to database: {'street_number': '127', 'street_name': 'Rua Marcílio Dias', 'neighborhood': 'Menino Deus', 'city': 'Porto Alegre', 'state': 'RS', 'country': 'Brazil', 'postal_code': '90130-001', 'latitute': -30.04969646, 'longitute': -51.22657099}]
[2019-05-20 15:28:14,216] [DEBUG] [https://maps.googleapis.com:443 "GET /maps/api/geocode/json?latlng=-30.014866%2C-51.244767&location_type=ROOFTOP&result_type=street_address&key=***REMOVED*** HTTP/1.1" 200 163]
[2019-05-20 15:28:14,220] [WARNING] [Address couldn't be saved to database. Data returned from reverse_geocode API: []]
[2019-05-20 15:28:14,623] [DEBUG] [https://maps.googleapis.com:443 "GET /maps/api/geocode/json?latlng=-30.05373%2C-51.261624&location_type=ROOFTOP&result_type=street_address&key=***REMOVED*** HTTP/1.1" 200 164]
[2019-05-20 15:28:14,627] [WARNING] [Address couldn't be saved to database. Data returned from reverse_geocode API: []]
[2019-05-20 15:28:15,087] [DEBUG] [https://maps.googleapis.com:443 "GET /maps/api/geocode/json?latlng=-29.998525%2C-51.207544&location_type=ROOFTOP&result_type=street_address&key=***REMOVED*** HTTP/1.1" 200 621]
[2019-05-20 15:28:15,099] [INFO] [Address saved to database: {'street_number': '1234', 'street_name': 'BR-290', 'neighborhood': 'Cais do Porto', 'city': 'Porto Alegre', 'state': 'RS', 'country': 'Brazil', 'postal_code': '90030-001', 'latitute': -29.99852504, 'longitute': -51.20754383}]
[2019-05-20 15:28:15,532] [DEBUG] [https://maps.googleapis.com:443 "GET /maps/api/geocode/json?latlng=-30.075535%2C-51.205493&location_type=ROOFTOP&result_type=street_address&key=***REMOVED*** HTTP/1.1" 200 659]
[2019-05-20 15:28:15,549] [INFO] [Address saved to database: {'street_number': '246', 'street_name': 'Rua Coronel Aparício Borges', 'neighborhood': 'Glória', 'city': 'Porto Alegre', 'state': 'RS', 'country': 'Brazil', 'postal_code': '90680-570', 'latitute': -30.07553477, 'longitute': -51.2054929}]
[2019-05-20 15:28:16,084] [DEBUG] [https://maps.googleapis.com:443 "GET /maps/api/geocode/json?latlng=-30.064046%2C-51.212271&location_type=ROOFTOP&result_type=street_address&key=***REMOVED*** HTTP/1.1" 200 634]
[2019-05-20 15:28:16,090] [INFO] [Address saved to database: {'street_number': '975', 'street_name': 'Avenida Doutor Carlos Barbosa', 'neighborhood': 'Medianeira', 'city': 'Porto Alegre', 'state': 'RS', 'country': 'Brazil', 'postal_code': '90880-001', 'latitute': -30.06404559, 'longitute': -51.21227129}]
[2019-05-20 15:28:16,520] [DEBUG] [https://maps.googleapis.com:443 "GET /maps/api/geocode/json?latlng=-30.068341%2C-51.214951&location_type=ROOFTOP&result_type=street_address&key=***REMOVED*** HTTP/1.1" 200 633]
[2019-05-20 15:28:16,530] [INFO] [Address saved to database: {'street_number': '130', 'street_name': 'Avenida Moab Caldas', 'neighborhood': 'Santa Tereza', 'city': 'Porto Alegre', 'state': 'RS', 'country': 'Brazil', 'postal_code': '90880-310', 'latitute': -30.06834072, 'longitute': -51.21495145}]
[2019-05-20 15:28:16,991] [DEBUG] [https://maps.googleapis.com:443 "GET /maps/api/geocode/json?latlng=-30.032325%2C-51.210262&location_type=ROOFTOP&result_type=street_address&key=***REMOVED*** HTTP/1.1" 200 631]
[2019-05-20 15:28:17,001] [INFO] [Address saved to database: {'street_number': '321', 'street_name': 'Rua Felipe Camarão', 'neighborhood': 'Bom Fim', 'city': 'Porto Alegre', 'state': 'RS', 'country': 'Brazil', 'postal_code': '90420-111', 'latitute': -30.03232487, 'longitute': -51.21026168}]
[2019-05-20 15:28:17,509] [DEBUG] [https://maps.googleapis.com:443 "GET /maps/api/geocode/json?latlng=-29.998732%2C-51.219486&location_type=ROOFTOP&result_type=street_address&key=***REMOVED*** HTTP/1.1" 200 164]
[2019-05-20 15:28:17,518] [WARNING] [Address couldn't be saved to database. Data returned from reverse_geocode API: []]
[2019-05-20 15:28:17,961] [DEBUG] [https://maps.googleapis.com:443 "GET /maps/api/geocode/json?latlng=-30.002212%2C-51.225527&location_type=ROOFTOP&result_type=street_address&key=***REMOVED*** HTTP/1.1" 200 623]
[2019-05-20 15:28:17,965] [INFO] [Address saved to database: {'street_number': '1200', 'street_name': 'Rua João Ignácio da Oliveira', 'neighborhood': 'Arquipélago', 'city': 'Porto Alegre', 'state': 'RS', 'country': 'Brazil', 'latitute': -30.00221199, 'longitute': -51.22552735}]
[2019-05-20 15:28:18,351] [DEBUG] [https://maps.googleapis.com:443 "GET /maps/api/geocode/json?latlng=-30.027643%2C-51.250848&location_type=ROOFTOP&result_type=street_address&key=***REMOVED*** HTTP/1.1" 200 640]
[2019-05-20 15:28:18,356] [INFO] [Address saved to database: {'street_number': '270', 'street_name': 'Rua N Sra Boa Viagem I Pintada', 'neighborhood': 'Arquipélago', 'city': 'Porto Alegre', 'state': 'RS', 'country': 'Brazil', 'postal_code': '90090-140', 'latitute': -30.02764286, 'longitute': -51.25084839}]
[2019-05-20 15:28:18,789] [DEBUG] [https://maps.googleapis.com:443 "GET /maps/api/geocode/json?latlng=-30.026551%2C-51.202074&location_type=ROOFTOP&result_type=street_address&key=***REMOVED*** HTTP/1.1" 200 632]
[2019-05-20 15:28:18,825] [INFO] [Address saved to database: {'street_number': '220', 'street_name': 'Rua Comendador Caminha', 'neighborhood': 'Moinhos de Vento', 'city': 'Porto Alegre', 'state': 'RS', 'country': 'Brazil', 'postal_code': '90430-030', 'latitute': -30.02655075, 'longitute': -51.20207391}]
[2019-05-20 15:28:19,390] [DEBUG] [https://maps.googleapis.com:443 "GET /maps/api/geocode/json?latlng=-30.06307%2C-51.216439&location_type=ROOFTOP&result_type=street_address&key=***REMOVED*** HTTP/1.1" 200 646]
[2019-05-20 15:28:19,398] [INFO] [Address saved to database: {'street_number': '50', 'street_name': 'Rua Manoel Antônio de Magalhães', 'neighborhood': 'Medianeira', 'city': 'Porto Alegre', 'state': 'RS', 'country': 'Brazil', 'postal_code': '90880-240', 'latitute': -30.06307018, 'longitute': -51.21643935}]
[2019-05-20 15:28:19,887] [DEBUG] [https://maps.googleapis.com:443 "GET /maps/api/geocode/json?latlng=-30.035281%2C-51.243161&location_type=ROOFTOP&result_type=street_address&key=***REMOVED*** HTTP/1.1" 200 660]
[2019-05-20 15:28:19,894] [INFO] [Address saved to database: {'street_number': '250', 'street_name': 'Avenida Presidente João Goulart', 'neighborhood': 'Centro Histórico de Porto Alegre', 'city': 'Porto Alegre', 'state': 'RS', 'country': 'Brazil', 'postal_code': '90010-120', 'latitute': -30.03528083, 'longitute': -51.24316122}]
[2019-05-20 15:28:20,279] [DEBUG] [https://maps.googleapis.com:443 "GET /maps/api/geocode/json?latlng=-30.073166%2C-51.238239&location_type=ROOFTOP&result_type=street_address&key=***REMOVED*** HTTP/1.1" 200 633]
[2019-05-20 15:28:20,289] [INFO] [Address saved to database: {'street_number': '1331', 'street_name': 'Avenida Padre Cacique', 'neighborhood': 'Praia de Belas', 'city': 'Porto Alegre', 'state': 'RS', 'country': 'Brazil', 'postal_code': '90810-240', 'latitute': -30.0731661, 'longitute': -51.23823893}]
[2019-05-20 15:28:20,684] [DEBUG] [https://maps.googleapis.com:443 "GET /maps/api/geocode/json?latlng=-30.043354%2C-51.259112&location_type=ROOFTOP&result_type=street_address&key=***REMOVED*** HTTP/1.1" 200 163]
[2019-05-20 15:28:20,689] [WARNING] [Address couldn't be saved to database. Data returned from reverse_geocode API: []]
[2019-05-20 15:28:21,214] [DEBUG] [https://maps.googleapis.com:443 "GET /maps/api/geocode/json?latlng=-30.053908%2C-51.237809&location_type=ROOFTOP&result_type=street_address&key=***REMOVED*** HTTP/1.1" 200 147]
[2019-05-20 15:28:21,216] [WARNING] [Address couldn't be saved to database. Data returned from reverse_geocode API: []]
[2019-05-20 15:28:21,657] [DEBUG] [https://maps.googleapis.com:443 "GET /maps/api/geocode/json?latlng=-30.030855%2C-51.197612&location_type=ROOFTOP&result_type=street_address&key=***REMOVED*** HTTP/1.1" 200 624]
[2019-05-20 15:28:21,668] [INFO] [Address saved to database: {'street_number': '146', 'street_name': 'Rua Almirante Abreu', 'neighborhood': 'Rio Branco', 'city': 'Porto Alegre', 'state': 'RS', 'country': 'Brazil', 'postal_code': '90420-010', 'latitute': -30.03085498, 'longitute': -51.1976115}]
[2019-05-20 15:28:22,069] [DEBUG] [https://maps.googleapis.com:443 "GET /maps/api/geocode/json?latlng=-29.993035%2C-51.218647&location_type=ROOFTOP&result_type=street_address&key=***REMOVED*** HTTP/1.1" 200 164]
[2019-05-20 15:28:22,072] [WARNING] [Address couldn't be saved to database. Data returned from reverse_geocode API: []]
[2019-05-20 15:28:22,486] [DEBUG] [https://maps.googleapis.com:443 "GET /maps/api/geocode/json?latlng=-30.061235%2C-51.208328&location_type=ROOFTOP&result_type=street_address&key=***REMOVED*** HTTP/1.1" 200 621]
[2019-05-20 15:28:22,494] [INFO] [Address saved to database: {'street_number': '21', 'street_name': 'Rua Miramar', 'neighborhood': 'Medianeira', 'city': 'Porto Alegre', 'state': 'RS', 'country': 'Brazil', 'postal_code': '90880-100', 'latitute': -30.06123494, 'longitute': -51.2083283}]
[2019-05-20 15:28:22,946] [DEBUG] [https://maps.googleapis.com:443 "GET /maps/api/geocode/json?latlng=-30.030737%2C-51.19616&location_type=ROOFTOP&result_type=street_address&key=***REMOVED*** HTTP/1.1" 200 635]
[2019-05-20 15:28:22,953] [INFO] [Address saved to database: {'street_number': '1451', 'street_name': 'Rua Coronel Bordini', 'neighborhood': 'Auxiliadora', 'city': 'Porto Alegre', 'state': 'RS', 'country': 'Brazil', 'postal_code': '90440-001', 'latitute': -30.03073735, 'longitute': -51.19616046}]
[2019-05-20 15:28:23,364] [DEBUG] [https://maps.googleapis.com:443 "GET /maps/api/geocode/json?latlng=-29.996886%2C-51.223681&location_type=ROOFTOP&result_type=street_address&key=***REMOVED*** HTTP/1.1" 200 638]
[2019-05-20 15:28:33,709] [INFO] [Address saved to database: {'street_number': '751', 'street_name': 'Rua João Inácio da Silveira', 'neighborhood': 'Arquipélago', 'city': 'Porto Alegre', 'state': 'RS', 'country': 'Brazil', 'postal_code': '90090-390', 'latitute': -29.99688597, 'longitute': -51.22368076}]
[2019-05-20 15:28:34,237] [DEBUG] [https://maps.googleapis.com:443 "GET /maps/api/geocode/json?latlng=-30.075573%2C-51.231245&location_type=ROOFTOP&result_type=street_address&key=***REMOVED*** HTTP/1.1" 200 624]
[2019-05-20 15:28:36,623] [INFO] [Address saved to database: {'street_number': '13', 'street_name': 'Rua Doná Zaida', 'neighborhood': 'Santa Tereza', 'city': 'Porto Alegre', 'state': 'RS', 'country': 'Brazil', 'postal_code': '90840-070', 'latitute': -30.07557346, 'longitute': -51.23124526}]
[2019-05-20 15:28:37,167] [DEBUG] [https://maps.googleapis.com:443 "GET /maps/api/geocode/json?latlng=-30.016155%2C-51.183493&location_type=ROOFTOP&result_type=street_address&key=***REMOVED*** HTTP/1.1" 200 632]
[2019-05-20 15:28:38,652] [INFO] [Address saved to database: {'street_number': '835', 'street_name': 'Rua Portugal', 'neighborhood': 'São João', 'city': 'Porto Alegre', 'state': 'RS', 'country': 'Brazil', 'postal_code': '90520-310', 'latitute': -30.01615515, 'longitute': -51.18349289}]
[2019-05-20 15:28:39,180] [DEBUG] [https://maps.googleapis.com:443 "GET /maps/api/geocode/json?latlng=-30.018656%2C-51.229148&location_type=ROOFTOP&result_type=street_address&key=***REMOVED*** HTTP/1.1" 200 164]
[2019-05-20 15:28:39,182] [WARNING] [Address couldn't be saved to database. Data returned from reverse_geocode API: []]
[2019-05-20 15:28:39,638] [DEBUG] [https://maps.googleapis.com:443 "GET /maps/api/geocode/json?latlng=-30.014969%2C-51.253812&location_type=ROOFTOP&result_type=street_address&key=***REMOVED*** HTTP/1.1" 200 164]
[2019-05-20 15:28:39,641] [WARNING] [Address couldn't be saved to database. Data returned from reverse_geocode API: []]
[2019-05-20 15:28:40,113] [DEBUG] [https://maps.googleapis.com:443 "GET /maps/api/geocode/json?latlng=-30.028246%2C-51.205835&location_type=ROOFTOP&result_type=street_address&key=***REMOVED*** HTTP/1.1" 200 631]
[2019-05-20 15:28:56,379] [INFO] [Address saved to database: {'street_number': '175', 'street_name': 'Rua 24 de Outubro', 'neighborhood': 'Moinhos de Vento', 'city': 'Porto Alegre', 'state': 'RS', 'country': 'Brazil', 'postal_code': '90510-002', 'latitute': -30.02824642, 'longitute': -51.20583498}]
[2019-05-20 15:28:56,838] [DEBUG] [https://maps.googleapis.com:443 "GET /maps/api/geocode/json?latlng=-30.05772%2C-51.173202&location_type=ROOFTOP&result_type=street_address&key=***REMOVED*** HTTP/1.1" 200 147]
[2019-05-20 15:28:56,840] [WARNING] [Address couldn't be saved to database. Data returned from reverse_geocode API: []]
[2019-05-20 15:28:57,301] [DEBUG] [https://maps.googleapis.com:443 "GET /maps/api/geocode/json?latlng=-30.065678%2C-51.240014&location_type=ROOFTOP&result_type=street_address&key=***REMOVED*** HTTP/1.1" 200 644]
[2019-05-20 15:29:01,964] [INFO] [Address saved to database: {'street_number': '2065', 'street_name': 'Avenida Edvaldo Pereira Paiva', 'neighborhood': 'Praia de Belas', 'city': 'Porto Alegre', 'state': 'RS', 'country': 'Brazil', 'postal_code': '90110-060', 'latitute': -30.06567773, 'longitute': -51.240014200000005}]
[2019-05-20 15:29:02,383] [DEBUG] [https://maps.googleapis.com:443 "GET /maps/api/geocode/json?latlng=-30.049894%2C-51.169184&location_type=ROOFTOP&result_type=street_address&key=***REMOVED*** HTTP/1.1" 200 636]
[2019-05-20 15:29:14,049] [INFO] [Address saved to database: {'street_number': '295', 'street_name': 'Rua Ângelo Crivellaro', 'neighborhood': 'Jardim do Salso', 'city': 'Porto Alegre', 'state': 'RS', 'country': 'Brazil', 'postal_code': '91410-080', 'latitute': -30.04989362, 'longitute': -51.16918356}]
[2019-05-20 15:29:14,483] [DEBUG] [https://maps.googleapis.com:443 "GET /maps/api/geocode/json?latlng=-30.004962%2C-51.228562&location_type=ROOFTOP&result_type=street_address&key=***REMOVED*** HTTP/1.1" 200 164]
[2019-05-20 15:29:14,485] [WARNING] [Address couldn't be saved to database. Data returned from reverse_geocode API: []]
[2019-05-20 15:29:14,941] [DEBUG] [https://maps.googleapis.com:443 "GET /maps/api/geocode/json?latlng=-30.035088%2C-51.207963&location_type=ROOFTOP&result_type=street_address&key=***REMOVED*** HTTP/1.1" 200 630]
[2019-05-20 15:29:16,875] [INFO] [Address saved to database: {'street_number': '47', 'street_name': 'Rua César Lombroso', 'neighborhood': 'Rio Branco', 'city': 'Porto Alegre', 'state': 'RS', 'country': 'Brazil', 'postal_code': '90420-130', 'latitute': -30.03508766, 'longitute': -51.20796284}]
[2019-05-20 15:29:17,207] [DEBUG] [https://maps.googleapis.com:443 "GET /maps/api/geocode/json?latlng=-30.039603%2C-51.246272&location_type=ROOFTOP&result_type=street_address&key=***REMOVED*** HTTP/1.1" 200 147]
[2019-05-20 15:29:17,211] [WARNING] [Address couldn't be saved to database. Data returned from reverse_geocode API: []]
[2019-05-20 15:29:17,589] [DEBUG] [https://maps.googleapis.com:443 "GET /maps/api/geocode/json?latlng=-30.079251%2C-51.219354&location_type=ROOFTOP&result_type=street_address&key=***REMOVED*** HTTP/1.1" 200 628]
[2019-05-20 15:29:19,591] [INFO] [Address saved to database: {'street_number': '8', 'street_name': 'Rua Flor de Eucalipto', 'neighborhood': 'Santa Tereza', 'city': 'Porto Alegre', 'state': 'RS', 'country': 'Brazil', 'postal_code': '90840-380', 'latitute': -30.07925063, 'longitute': -51.21935431}]
[2019-05-20 15:29:20,044] [DEBUG] [https://maps.googleapis.com:443 "GET /maps/api/geocode/json?latlng=-30.044506%2C-51.179957&location_type=ROOFTOP&result_type=street_address&key=***REMOVED*** HTTP/1.1" 200 630]
[2019-05-20 15:29:22,282] [INFO] [Address saved to database: {'street_number': '271', 'street_name': 'Rua Sacadura Cabral', 'neighborhood': 'Petrópolis', 'city': 'Porto Alegre', 'state': 'RS', 'country': 'Brazil', 'postal_code': '90690-420', 'latitute': -30.04450613, 'longitute': -51.1799566}]
[2019-05-20 15:29:22,721] [DEBUG] [https://maps.googleapis.com:443 "GET /maps/api/geocode/json?latlng=-30.015992%2C-51.200524&location_type=ROOFTOP&result_type=street_address&key=***REMOVED*** HTTP/1.1" 200 643]
[2019-05-20 15:29:24,772] [INFO] [Address saved to database: {'street_number': '111', 'street_name': 'Rua Doutor Timóteo', 'neighborhood': 'Floresta', 'city': 'Porto Alegre', 'state': 'RS', 'country': 'Brazil', 'postal_code': '90570-041', 'latitute': -30.0159919, 'longitute': -51.20052395}]
[2019-05-20 15:29:25,271] [DEBUG] [https://maps.googleapis.com:443 "GET /maps/api/geocode/json?latlng=-30.032258%2C-51.228435&location_type=ROOFTOP&result_type=street_address&key=***REMOVED*** HTTP/1.1" 200 638]
[2019-05-20 15:29:27,836] [INFO] [Address saved to database: {'street_number': '112', 'street_name': 'Rua Jerônimo Coelho', 'neighborhood': 'Centro Histórico de Porto Alegre', 'city': 'Porto Alegre', 'state': 'RS', 'country': 'Brazil', 'postal_code': '90010-240', 'latitute': -30.03225775, 'longitute': -51.22843523}]
[2019-05-20 15:29:28,195] [DEBUG] [https://maps.googleapis.com:443 "GET /maps/api/geocode/json?latlng=-30.012481%2C-51.259533&location_type=ROOFTOP&result_type=street_address&key=***REMOVED*** HTTP/1.1" 200 642]
[2019-05-20 15:29:37,847] [INFO] [Address saved to database: {'street_number': '207', 'street_name': 'Rua Cap Coelho Ilha Da Pintada', 'neighborhood': 'Arquipélago', 'city': 'Porto Alegre', 'state': 'RS', 'country': 'Brazil', 'postal_code': '90090-040', 'latitute': -30.012480699999998, 'longitute': -51.25953264}]
[2019-05-20 15:29:38,267] [DEBUG] [https://maps.googleapis.com:443 "GET /maps/api/geocode/json?latlng=-30.014989%2C-51.252387&location_type=ROOFTOP&result_type=street_address&key=***REMOVED*** HTTP/1.1" 200 163]
[2019-05-20 15:29:38,269] [WARNING] [Address couldn't be saved to database. Data returned from reverse_geocode API: []]
[2019-05-20 15:29:38,674] [DEBUG] [https://maps.googleapis.com:443 "GET /maps/api/geocode/json?latlng=-30.055638%2C-51.193069&location_type=ROOFTOP&result_type=street_address&key=***REMOVED*** HTTP/1.1" 200 634]
[2019-05-20 15:30:04,093] [INFO] [Address saved to database: {'street_number': '328', 'street_name': 'Rua Coronel Vilagran Cabrita', 'neighborhood': 'Partenon', 'city': 'Porto Alegre', 'state': 'RS', 'country': 'Brazil', 'postal_code': '90620-200', 'latitute': -30.05563826, 'longitute': -51.19306937}]
[2019-05-20 15:30:04,756] [DEBUG] [https://maps.googleapis.com:443 "GET /maps/api/geocode/json?latlng=-30.069806%2C-51.23946&location_type=ROOFTOP&result_type=street_address&key=***REMOVED*** HTTP/1.1" 200 638]
[2019-05-20 15:31:30,691] [INFO] [>>> Starting the Coordinate Converter.]
[2019-05-20 15:31:30,695] [INFO] [Setting log level to DEBUG]
[2019-05-20 15:31:30,696] [INFO] [Checking CSV File.]
[2019-05-20 15:31:30,700] [INFO] [Checking API Key.]
[2019-05-20 15:31:30,712] [DEBUG] [Starting new HTTPS connection (1): maps.googleapis.com:443]
[2019-05-20 15:31:31,176] [DEBUG] [https://maps.googleapis.com:443 "GET /maps/api/geocode/json?latlng=30.108499%2C-51.317228&key=***REMOVED*** HTTP/1.1" 200 107]
[2019-05-20 15:31:31,178] [DEBUG] [API Key OK ***REMOVED***]
[2019-05-20 15:31:31,181] [DEBUG] [Instantiating Converter]
[2019-05-20 15:31:32,369] [DEBUG] [Starting new HTTPS connection (1): maps.googleapis.com:443]
[2019-05-20 15:31:32,932] [DEBUG] [https://maps.googleapis.com:443 "GET /maps/api/geocode/json?latlng=-30.041087%2C-51.23223&location_type=ROOFTOP&result_type=street_address&key=***REMOVED*** HTTP/1.1" 200 147]
[2019-05-20 15:31:32,936] [WARNING] [Address couldn't be saved to database. Data returned from reverse_geocode API: []]
[2019-05-20 15:31:33,390] [DEBUG] [https://maps.googleapis.com:443 "GET /maps/api/geocode/json?latlng=-30.066682%2C-51.186005&location_type=ROOFTOP&result_type=street_address&key=***REMOVED*** HTTP/1.1" 200 655]
[2019-05-20 15:31:34,907] [INFO] [Address saved to database: {'street_number': '2351', 'street_name': 'Rua Coronel Aparício Borges', 'neighborhood': 'Coronel Aparicio Borges', 'city': 'Porto Alegre', 'state': 'RS', 'country': 'Brazil', 'postal_code': '90680-570', 'latitute': -30.06668175, 'longitute': -51.18600466}]
[2019-05-20 15:31:35,405] [DEBUG] [https://maps.googleapis.com:443 "GET /maps/api/geocode/json?latlng=-30.014485%2C-51.212053&location_type=ROOFTOP&result_type=street_address&key=***REMOVED*** HTTP/1.1" 200 649]
[2019-05-20 15:31:36,305] [INFO] [Address saved to database: {'street_number': '2136', 'street_name': 'Rua Voluntários da Pátria', 'neighborhood': 'Centro Histórico de Porto Alegre', 'city': 'Porto Alegre', 'state': 'RS', 'country': 'Brazil', 'postal_code': '90030-001', 'latitute': -30.01448479, 'longitute': -51.21205259}]
[2019-05-20 15:31:36,803] [DEBUG] [https://maps.googleapis.com:443 "GET /maps/api/geocode/json?latlng=-30.001555%2C-51.23262&location_type=ROOFTOP&result_type=street_address&key=***REMOVED*** HTTP/1.1" 200 163]
[2019-05-20 15:31:36,805] [WARNING] [Address couldn't be saved to database. Data returned from reverse_geocode API: []]
[2019-05-20 15:31:37,205] [DEBUG] [https://maps.googleapis.com:443 "GET /maps/api/geocode/json?latlng=-30.027792%2C-51.171009&location_type=ROOFTOP&result_type=street_address&key=***REMOVED*** HTTP/1.1" 200 644]
[2019-05-20 15:31:37,742] [INFO] [Address saved to database: {'street_number': '2098', 'street_name': 'Avenida Doutor Nilo Peçanha', 'neighborhood': 'Petrópolis', 'city': 'Porto Alegre', 'state': 'RS', 'country': 'Brazil', 'postal_code': '90470-001', 'latitute': -30.02779224, 'longitute': -51.17100925}]
[2019-05-20 15:31:38,224] [DEBUG] [https://maps.googleapis.com:443 "GET /maps/api/geocode/json?latlng=-29.993579%2C-51.235419&location_type=ROOFTOP&result_type=street_address&key=***REMOVED*** HTTP/1.1" 200 164]
[2019-05-20 15:31:38,227] [WARNING] [Address couldn't be saved to database. Data returned from reverse_geocode API: []]
[2019-05-20 15:31:38,708] [DEBUG] [https://maps.googleapis.com:443 "GET /maps/api/geocode/json?latlng=-30.016489%2C-51.249546&location_type=ROOFTOP&result_type=street_address&key=***REMOVED*** HTTP/1.1" 200 164]
[2019-05-20 15:31:38,710] [WARNING] [Address couldn't be saved to database. Data returned from reverse_geocode API: []]
[2019-05-20 15:31:39,089] [DEBUG] [https://maps.googleapis.com:443 "GET /maps/api/geocode/json?latlng=-30.058499%2C-51.186725&location_type=ROOFTOP&result_type=street_address&key=***REMOVED*** HTTP/1.1" 200 147]
[2019-05-20 15:31:39,091] [WARNING] [Address couldn't be saved to database. Data returned from reverse_geocode API: []]
[2019-05-20 15:31:39,414] [DEBUG] [https://maps.googleapis.com:443 "GET /maps/api/geocode/json?latlng=-30.046272%2C-51.247215&location_type=ROOFTOP&result_type=street_address&key=***REMOVED*** HTTP/1.1" 200 147]
[2019-05-20 15:31:39,416] [WARNING] [Address couldn't be saved to database. Data returned from reverse_geocode API: []]
[2019-05-20 15:31:39,785] [DEBUG] [https://maps.googleapis.com:443 "GET /maps/api/geocode/json?latlng=-30.053417%2C-51.209475&location_type=ROOFTOP&result_type=street_address&key=***REMOVED*** HTTP/1.1" 200 630]
[2019-05-20 15:31:40,451] [INFO] [Address saved to database: {'street_number': '236', 'street_name': 'Rua Mansão', 'neighborhood': 'Santo Antônio', 'city': 'Porto Alegre', 'state': 'RS', 'country': 'Brazil', 'postal_code': '90650-030', 'latitute': -30.05341701, 'longitute': -51.20947473}]
[2019-05-20 15:31:40,772] [DEBUG] [https://maps.googleapis.com:443 "GET /maps/api/geocode/json?latlng=-30.008705%2C-51.223921&location_type=ROOFTOP&result_type=street_address&key=***REMOVED*** HTTP/1.1" 200 163]
[2019-05-20 15:31:40,775] [WARNING] [Address couldn't be saved to database. Data returned from reverse_geocode API: []]
[2019-05-20 15:31:41,076] [DEBUG] [https://maps.googleapis.com:443 "GET /maps/api/geocode/json?latlng=-30.050293%2C-51.262162&location_type=ROOFTOP&result_type=street_address&key=***REMOVED*** HTTP/1.1" 200 163]
[2019-05-20 15:31:41,078] [WARNING] [Address couldn't be saved to database. Data returned from reverse_geocode API: []]
[2019-05-20 15:31:41,435] [DEBUG] [https://maps.googleapis.com:443 "GET /maps/api/geocode/json?latlng=-30.077903%2C-51.203679&location_type=ROOFTOP&result_type=street_address&key=***REMOVED*** HTTP/1.1" 200 629]
[2019-05-20 15:31:42,096] [INFO] [Address saved to database: {'street_number': '237', 'street_name': 'Avenida Sergipe', 'neighborhood': 'Glória', 'city': 'Porto Alegre', 'state': 'RS', 'country': 'Brazil', 'postal_code': '91720-110', 'latitute': -30.07790316, 'longitute': -51.2036786}]
[2019-05-20 15:31:42,506] [DEBUG] [https://maps.googleapis.com:443 "GET /maps/api/geocode/json?latlng=-30.059682%2C-51.195864&location_type=ROOFTOP&result_type=street_address&key=***REMOVED*** HTTP/1.1" 200 628]
[2019-05-20 15:31:43,300] [INFO] [Address saved to database: {'street_number': '172', 'street_name': 'Rua Humberto de Campos', 'neighborhood': 'Partenon', 'city': 'Porto Alegre', 'state': 'RS', 'country': 'Brazil', 'postal_code': '90660-280', 'latitute': -30.05968178, 'longitute': -51.1958636}]
[2019-05-20 15:31:43,689] [DEBUG] [https://maps.googleapis.com:443 "GET /maps/api/geocode/json?latlng=-30.012431%2C-51.258278&location_type=ROOFTOP&result_type=street_address&key=***REMOVED*** HTTP/1.1" 200 650]
[2019-05-20 15:31:44,325] [INFO] [Address saved to database: {'street_number': '167', 'street_name': 'Rua Cap Coelho Ilha Da Pintada', 'neighborhood': 'Arquipélago', 'city': 'Porto Alegre', 'state': 'RS', 'country': 'Brazil', 'postal_code': '90090-040', 'latitute': -30.01243072, 'longitute': -51.25827784}]
[2019-05-20 15:31:44,704] [DEBUG] [https://maps.googleapis.com:443 "GET /maps/api/geocode/json?latlng=-30.039727%2C-51.190058&location_type=ROOFTOP&result_type=street_address&key=***REMOVED*** HTTP/1.1" 200 633]
[2019-05-20 15:31:45,192] [INFO] [Address saved to database: {'street_number': '32', 'street_name': 'Avenida Alegrete', 'neighborhood': 'Petrópolis', 'city': 'Porto Alegre', 'state': 'RS', 'country': 'Brazil', 'postal_code': '90460-100', 'latitute': -30.03972704, 'longitute': -51.19005805}]
[2019-05-20 15:31:45,655] [DEBUG] [https://maps.googleapis.com:443 "GET /maps/api/geocode/json?latlng=-30.060705%2C-51.177647&location_type=ROOFTOP&result_type=street_address&key=***REMOVED*** HTTP/1.1" 200 636]
[2019-05-20 15:31:46,151] [INFO] [Address saved to database: {'street_number': '27', 'street_name': 'Rua Nelson Duarte Brochado', 'neighborhood': 'Partenon', 'city': 'Porto Alegre', 'state': 'RS', 'country': 'Brazil', 'postal_code': '90610-090', 'latitute': -30.06070468, 'longitute': -51.17764669}]
[2019-05-20 15:31:46,653] [DEBUG] [https://maps.googleapis.com:443 "GET /maps/api/geocode/json?latlng=-30.045331%2C-51.221243&location_type=ROOFTOP&result_type=street_address&key=***REMOVED*** HTTP/1.1" 200 639]
[2019-05-20 15:31:47,132] [INFO] [Address saved to database: {'street_number': '1217', 'street_name': 'Avenida Getúlio Vargas', 'neighborhood': 'Menino Deus', 'city': 'Porto Alegre', 'state': 'RS', 'country': 'Brazil', 'postal_code': '90150-005', 'latitute': -30.04533078, 'longitute': -51.221242600000004}]
[2019-05-20 15:31:47,384] [DEBUG] [https://maps.googleapis.com:443 "GET /maps/api/geocode/json?latlng=-29.999041%2C-51.21698&location_type=ROOFTOP&result_type=street_address&key=***REMOVED*** HTTP/1.1" 200 163]
[2019-05-20 15:31:47,386] [WARNING] [Address couldn't be saved to database. Data returned from reverse_geocode API: []]
[2019-05-20 15:31:47,832] [DEBUG] [https://maps.googleapis.com:443 "GET /maps/api/geocode/json?latlng=-30.052413%2C-51.185247&location_type=ROOFTOP&result_type=street_address&key=***REMOVED*** HTTP/1.1" 200 628]
[2019-05-20 15:31:48,312] [INFO] [Address saved to database: {'street_number': '905', 'street_name': 'Rua Itaboraí', 'neighborhood': 'Jardom Botanico', 'city': 'Porto Alegre', 'state': 'RS', 'country': 'Brazil', 'postal_code': '90670-030', 'latitute': -30.05241274, 'longitute': -51.18524664}]
[2019-05-20 15:31:48,759] [DEBUG] [https://maps.googleapis.com:443 "GET /maps/api/geocode/json?latlng=-30.051193%2C-51.231548&location_type=ROOFTOP&result_type=street_address&key=***REMOVED*** HTTP/1.1" 200 147]
[2019-05-20 15:31:48,761] [WARNING] [Address couldn't be saved to database. Data returned from reverse_geocode API: []]
[2019-05-20 15:31:49,172] [DEBUG] [https://maps.googleapis.com:443 "GET /maps/api/geocode/json?latlng=-30.058042%2C-51.209064&location_type=ROOFTOP&result_type=street_address&key=***REMOVED*** HTTP/1.1" 200 638]
[2019-05-20 15:31:49,709] [INFO] [Address saved to database: {'street_number': '716', 'street_name': 'Avenida Oscar Pereira', 'neighborhood': 'Azenha', 'city': 'Porto Alegre', 'state': 'RS', 'country': 'Brazil', 'postal_code': '90640-070', 'latitute': -30.05804203, 'longitute': -51.20906409}]
[2019-05-20 15:31:49,952] [DEBUG] [https://maps.googleapis.com:443 "GET /maps/api/geocode/json?latlng=-30.038288%2C-51.187433&location_type=ROOFTOP&result_type=street_address&key=***REMOVED*** HTTP/1.1" 200 632]
[2019-05-20 15:31:50,710] [INFO] [Address saved to database: {'street_number': '624', 'street_name': 'Avenida Ijuí', 'neighborhood': 'Petrópolis', 'city': 'Porto Alegre', 'state': 'RS', 'country': 'Brazil', 'postal_code': '90460-200', 'latitute': -30.03828808, 'longitute': -51.18743309}]
[2019-05-20 15:31:50,940] [DEBUG] [https://maps.googleapis.com:443 "GET /maps/api/geocode/json?latlng=-30.018384%2C-51.185293&location_type=ROOFTOP&result_type=street_address&key=***REMOVED*** HTTP/1.1" 200 638]
[2019-05-20 15:31:51,603] [INFO] [Address saved to database: {'street_number': '1832', 'street_name': 'Rua Marquês do Pombal', 'neighborhood': 'Higienópolis', 'city': 'Porto Alegre', 'state': 'RS', 'country': 'Brazil', 'postal_code': '90540-001', 'latitute': -30.01838382, 'longitute': -51.18529312}]
[2019-05-20 15:31:51,829] [DEBUG] [https://maps.googleapis.com:443 "GET /maps/api/geocode/json?latlng=-30.067722%2C-51.246414&location_type=ROOFTOP&result_type=street_address&key=***REMOVED*** HTTP/1.1" 200 147]
[2019-05-20 15:31:51,833] [WARNING] [Address couldn't be saved to database. Data returned from reverse_geocode API: []]
[2019-05-20 15:31:52,073] [DEBUG] [https://maps.googleapis.com:443 "GET /maps/api/geocode/json?latlng=-30.028224%2C-51.210107&location_type=ROOFTOP&result_type=street_address&key=***REMOVED*** HTTP/1.1" 200 637]
[2019-05-20 15:31:52,570] [INFO] [Address saved to database: {'street_number': '367', 'street_name': 'Rua André Puente', 'neighborhood': 'Independência', 'city': 'Porto Alegre', 'state': 'RS', 'country': 'Brazil', 'postal_code': '90035-150', 'latitute': -30.02822391, 'longitute': -51.21010739}]
[2019-05-20 15:31:52,832] [DEBUG] [https://maps.googleapis.com:443 "GET /maps/api/geocode/json?latlng=-30.063645%2C-51.229827&location_type=ROOFTOP&result_type=street_address&key=***REMOVED*** HTTP/1.1" 200 615]
[2019-05-20 15:31:53,461] [INFO] [Address saved to database: {'street_number': '310', 'street_name': 'Rua Miguel Couto', 'neighborhood': 'Menino Deus', 'city': 'Porto Alegre', 'state': 'RS', 'country': 'Brazil', 'postal_code': '90850-050', 'latitute': -30.06364492, 'longitute': -51.22982706}]
[2019-05-20 15:31:53,689] [DEBUG] [https://maps.googleapis.com:443 "GET /maps/api/geocode/json?latlng=-30.020415%2C-51.202832&location_type=ROOFTOP&result_type=street_address&key=***REMOVED*** HTTP/1.1" 200 638]
[2019-05-20 15:31:54,272] [INFO] [Address saved to database: {'street_number': '171', 'street_name': 'Rua Marquês do Pombal', 'neighborhood': 'Moinhos de Vento', 'city': 'Porto Alegre', 'state': 'RS', 'country': 'Brazil', 'postal_code': '90540-001', 'latitute': -30.02041466, 'longitute': -51.20283247}]
[2019-05-20 15:31:54,539] [DEBUG] [https://maps.googleapis.com:443 "GET /maps/api/geocode/json?latlng=-30.029455%2C-51.199765&location_type=ROOFTOP&result_type=street_address&key=***REMOVED*** HTTP/1.1" 200 620]
[2019-05-20 15:31:55,249] [INFO] [Address saved to database: {'street_number': '570', 'street_name': 'Rua Dona Laura', 'neighborhood': 'Rio Branco', 'city': 'Porto Alegre', 'state': 'RS', 'country': 'Brazil', 'postal_code': '90430-091', 'latitute': -30.02945549, 'longitute': -51.19976547}]
[2019-05-20 15:31:55,478] [DEBUG] [https://maps.googleapis.com:443 "GET /maps/api/geocode/json?latlng=-30.040333%2C-51.263726&location_type=ROOFTOP&result_type=street_address&key=***REMOVED*** HTTP/1.1" 200 163]
[2019-05-20 15:31:55,480] [WARNING] [Address couldn't be saved to database. Data returned from reverse_geocode API: []]
[2019-05-20 15:31:55,703] [DEBUG] [https://maps.googleapis.com:443 "GET /maps/api/geocode/json?latlng=-30.052482%2C-51.20671&location_type=ROOFTOP&result_type=street_address&key=***REMOVED*** HTTP/1.1" 200 635]
[2019-05-20 15:31:56,142] [INFO] [Address saved to database: {'street_number': '40', 'street_name': 'Rua Guilherme Schell', 'neighborhood': 'Santo Antônio', 'city': 'Porto Alegre', 'state': 'RS', 'country': 'Brazil', 'postal_code': '90640-040', 'latitute': -30.05248222, 'longitute': -51.2067104}]
[2019-05-20 15:31:56,371] [DEBUG] [https://maps.googleapis.com:443 "GET /maps/api/geocode/json?latlng=-30.077173%2C-51.219387&location_type=ROOFTOP&result_type=street_address&key=***REMOVED*** HTTP/1.1" 200 624]
[2019-05-20 15:32:03,914] [INFO] [Address saved to database: {'street_number': '118', 'street_name': 'Rua Gibran Khalil Gibran', 'neighborhood': 'Santa Tereza', 'city': 'Porto Alegre', 'state': 'RS', 'country': 'Brazil', 'postal_code': '90840-510', 'latitute': -30.07717335, 'longitute': -51.21938723}]
[2019-05-20 15:32:04,154] [DEBUG] [https://maps.googleapis.com:443 "GET /maps/api/geocode/json?latlng=-30.049696%2C-51.226571&location_type=ROOFTOP&result_type=street_address&key=***REMOVED*** HTTP/1.1" 200 631]
[2019-05-20 15:32:04,983] [INFO] [Address saved to database: {'street_number': '127', 'street_name': 'Rua Marcílio Dias', 'neighborhood': 'Menino Deus', 'city': 'Porto Alegre', 'state': 'RS', 'country': 'Brazil', 'postal_code': '90130-001', 'latitute': -30.04969646, 'longitute': -51.22657099}]
[2019-05-20 15:32:05,213] [DEBUG] [https://maps.googleapis.com:443 "GET /maps/api/geocode/json?latlng=-30.014866%2C-51.244767&location_type=ROOFTOP&result_type=street_address&key=***REMOVED*** HTTP/1.1" 200 163]
[2019-05-20 15:32:05,216] [WARNING] [Address couldn't be saved to database. Data returned from reverse_geocode API: []]
[2019-05-20 15:32:05,440] [DEBUG] [https://maps.googleapis.com:443 "GET /maps/api/geocode/json?latlng=-30.05373%2C-51.261624&location_type=ROOFTOP&result_type=street_address&key=***REMOVED*** HTTP/1.1" 200 164]
[2019-05-20 15:32:05,442] [WARNING] [Address couldn't be saved to database. Data returned from reverse_geocode API: []]
[2019-05-20 15:32:05,660] [DEBUG] [https://maps.googleapis.com:443 "GET /maps/api/geocode/json?latlng=-29.998525%2C-51.207544&location_type=ROOFTOP&result_type=street_address&key=***REMOVED*** HTTP/1.1" 200 621]
[2019-05-20 15:32:06,310] [INFO] [Address saved to database: {'street_number': '1234', 'street_name': 'BR-290', 'neighborhood': 'Cais do Porto', 'city': 'Porto Alegre', 'state': 'RS', 'country': 'Brazil', 'postal_code': '90030-001', 'latitute': -29.99852504, 'longitute': -51.20754383}]
[2019-05-20 15:32:06,545] [DEBUG] [https://maps.googleapis.com:443 "GET /maps/api/geocode/json?latlng=-30.075535%2C-51.205493&location_type=ROOFTOP&result_type=street_address&key=***REMOVED*** HTTP/1.1" 200 659]
[2019-05-20 15:32:08,056] [INFO] [Address saved to database: {'street_number': '246', 'street_name': 'Rua Coronel Aparício Borges', 'neighborhood': 'Glória', 'city': 'Porto Alegre', 'state': 'RS', 'country': 'Brazil', 'postal_code': '90680-570', 'latitute': -30.07553477, 'longitute': -51.2054929}]
[2019-05-20 15:32:08,321] [DEBUG] [https://maps.googleapis.com:443 "GET /maps/api/geocode/json?latlng=-30.064046%2C-51.212271&location_type=ROOFTOP&result_type=street_address&key=***REMOVED*** HTTP/1.1" 200 634]
[2019-05-20 15:32:19,377] [INFO] [Address saved to database: {'street_number': '975', 'street_name': 'Avenida Doutor Carlos Barbosa', 'neighborhood': 'Medianeira', 'city': 'Porto Alegre', 'state': 'RS', 'country': 'Brazil', 'postal_code': '90880-001', 'latitute': -30.06404559, 'longitute': -51.21227129}]
[2019-05-20 15:32:19,838] [DEBUG] [https://maps.googleapis.com:443 "GET /maps/api/geocode/json?latlng=-30.068341%2C-51.214951&location_type=ROOFTOP&result_type=street_address&key=***REMOVED*** HTTP/1.1" 200 633]
[2019-05-20 15:32:22,394] [INFO] [Address saved to database: {'street_number': '130', 'street_name': 'Avenida Moab Caldas', 'neighborhood': 'Santa Tereza', 'city': 'Porto Alegre', 'state': 'RS', 'country': 'Brazil', 'postal_code': '90880-310', 'latitute': -30.06834072, 'longitute': -51.21495145}]
[2019-05-20 15:32:22,892] [DEBUG] [https://maps.googleapis.com:443 "GET /maps/api/geocode/json?latlng=-30.032325%2C-51.210262&location_type=ROOFTOP&result_type=street_address&key=***REMOVED*** HTTP/1.1" 200 631]
[2019-05-20 15:32:25,796] [INFO] [Address saved to database: {'street_number': '321', 'street_name': 'Rua Felipe Camarão', 'neighborhood': 'Bom Fim', 'city': 'Porto Alegre', 'state': 'RS', 'country': 'Brazil', 'postal_code': '90420-111', 'latitute': -30.03232487, 'longitute': -51.21026168}]
[2019-05-20 15:32:26,297] [DEBUG] [https://maps.googleapis.com:443 "GET /maps/api/geocode/json?latlng=-29.998732%2C-51.219486&location_type=ROOFTOP&result_type=street_address&key=***REMOVED*** HTTP/1.1" 200 164]
[2019-05-20 15:32:26,301] [WARNING] [Address couldn't be saved to database. Data returned from reverse_geocode API: []]
[2019-05-20 15:32:26,734] [DEBUG] [https://maps.googleapis.com:443 "GET /maps/api/geocode/json?latlng=-30.002212%2C-51.225527&location_type=ROOFTOP&result_type=street_address&key=***REMOVED*** HTTP/1.1" 200 623]
[2019-05-20 15:32:26,740] [INFO] [Address saved to database: {'street_number': '1200', 'street_name': 'Rua João Ignácio da Oliveira', 'neighborhood': 'Arquipélago', 'city': 'Porto Alegre', 'state': 'RS', 'country': 'Brazil', 'latitute': -30.00221199, 'longitute': -51.22552735}]
[2019-05-20 15:32:27,149] [DEBUG] [https://maps.googleapis.com:443 "GET /maps/api/geocode/json?latlng=-30.027643%2C-51.250848&location_type=ROOFTOP&result_type=street_address&key=***REMOVED*** HTTP/1.1" 200 640]
[2019-05-20 15:32:30,504] [INFO] [Address saved to database: {'street_number': '270', 'street_name': 'Rua N Sra Boa Viagem I Pintada', 'neighborhood': 'Arquipélago', 'city': 'Porto Alegre', 'state': 'RS', 'country': 'Brazil', 'postal_code': '90090-140', 'latitute': -30.02764286, 'longitute': -51.25084839}]
[2019-05-20 15:32:30,889] [DEBUG] [https://maps.googleapis.com:443 "GET /maps/api/geocode/json?latlng=-30.026551%2C-51.202074&location_type=ROOFTOP&result_type=street_address&key=***REMOVED*** HTTP/1.1" 200 632]
[2019-05-20 15:36:59,753] [INFO] [Address saved to database: {'street_number': '220', 'street_name': 'Rua Comendador Caminha', 'neighborhood': 'Moinhos de Vento', 'city': 'Porto Alegre', 'state': 'RS', 'country': 'Brazil', 'postal_code': '90430-030', 'latitute': -30.02655075, 'longitute': -51.20207391}]
[2019-05-20 15:37:11,167] [DEBUG] [Resetting dropped connection: maps.googleapis.com]
[2019-05-20 15:37:11,680] [DEBUG] [https://maps.googleapis.com:443 "GET /maps/api/geocode/json?latlng=30%2C-51&location_type=ROOFTOP&result_type=street_address&key=***REMOVED*** HTTP/1.1" 200 106]
[2019-05-20 15:37:35,986] [DEBUG] [https://maps.googleapis.com:443 "GET /maps/api/geocode/json?latlng=-30.002212%2C-51.225527&location_type=ROOFTOP&result_type=street_address&key=***REMOVED*** HTTP/1.1" 200 623]
[2019-05-20 15:37:43,081] [DEBUG] [https://maps.googleapis.com:443 "GET /maps/api/geocode/json?latlng=-30.002212%2C-51.225527&location_type=ROOFTOP&result_type=street_address&key=***REMOVED*** HTTP/1.1" 200 623]
[2019-05-20 15:43:05,799] [DEBUG] [Resetting dropped connection: maps.googleapis.com]
[2019-05-20 15:43:06,372] [DEBUG] [https://maps.googleapis.com:443 "GET /maps/api/geocode/json?latlng=-30.002212%2C-51.225527&location_type=ROOFTOP&result_type=street_address&key=***REMOVED*** HTTP/1.1" 200 623]
[2019-05-20 15:50:45,769] [INFO] [>>> Starting the Coordinate Converter.]
[2019-05-20 15:50:45,772] [INFO] [Setting log level to DEBUG]
[2019-05-20 15:50:45,774] [INFO] [Checking CSV File.]
[2019-05-20 15:50:45,782] [INFO] [Checking API Key.]
[2019-05-20 15:50:45,792] [DEBUG] [Starting new HTTPS connection (1): maps.googleapis.com:443]
[2019-05-20 15:50:46,346] [DEBUG] [https://maps.googleapis.com:443 "GET /maps/api/geocode/json?latlng=30.108499%2C-51.317228&key=***REMOVED*** HTTP/1.1" 200 107]
[2019-05-20 15:50:46,349] [DEBUG] [API Key OK ***REMOVED***]
[2019-05-20 15:50:46,350] [DEBUG] [Instantiating Converter]
[2019-05-20 15:50:48,210] [DEBUG] [Starting new HTTPS connection (1): maps.googleapis.com:443]
[2019-05-20 15:50:48,849] [DEBUG] [https://maps.googleapis.com:443 "GET /maps/api/geocode/json?latlng=-30.041087%2C-51.23223&location_type=ROOFTOP&result_type=street_address&key=***REMOVED*** HTTP/1.1" 200 147]
[2019-05-20 15:50:48,853] [WARNING] [Address couldn't be saved to database. Data returned from reverse_geocode API: []]
[2019-05-20 15:50:49,344] [DEBUG] [https://maps.googleapis.com:443 "GET /maps/api/geocode/json?latlng=-30.066682%2C-51.186005&location_type=ROOFTOP&result_type=street_address&key=***REMOVED*** HTTP/1.1" 200 655]
[2019-05-20 15:50:49,347] [INFO] [Address saved to database: {'street_number': '2351', 'street_name': 'Rua Coronel Aparício Borges', 'neighborhood': 'Coronel Aparicio Borges', 'city': 'Porto Alegre', 'state': 'RS', 'country': 'Brazil', 'postal_code': '90680-570', 'latitute': -30.06668175, 'longitute': -51.18600466}]
[2019-05-20 15:50:49,968] [DEBUG] [https://maps.googleapis.com:443 "GET /maps/api/geocode/json?latlng=-30.014485%2C-51.212053&location_type=ROOFTOP&result_type=street_address&key=***REMOVED*** HTTP/1.1" 200 649]
[2019-05-20 15:50:49,972] [INFO] [Address saved to database: {'street_number': '2136', 'street_name': 'Rua Voluntários da Pátria', 'neighborhood': 'Centro Histórico de Porto Alegre', 'city': 'Porto Alegre', 'state': 'RS', 'country': 'Brazil', 'postal_code': '90030-001', 'latitute': -30.01448479, 'longitute': -51.21205259}]
[2019-05-20 15:50:50,442] [DEBUG] [https://maps.googleapis.com:443 "GET /maps/api/geocode/json?latlng=-30.001555%2C-51.23262&location_type=ROOFTOP&result_type=street_address&key=***REMOVED*** HTTP/1.1" 200 163]
[2019-05-20 15:50:50,447] [WARNING] [Address couldn't be saved to database. Data returned from reverse_geocode API: []]
[2019-05-20 15:50:50,911] [DEBUG] [https://maps.googleapis.com:443 "GET /maps/api/geocode/json?latlng=-30.027792%2C-51.171009&location_type=ROOFTOP&result_type=street_address&key=***REMOVED*** HTTP/1.1" 200 644]
[2019-05-20 15:50:50,914] [INFO] [Address saved to database: {'street_number': '2098', 'street_name': 'Avenida Doutor Nilo Peçanha', 'neighborhood': 'Petrópolis', 'city': 'Porto Alegre', 'state': 'RS', 'country': 'Brazil', 'postal_code': '90470-001', 'latitute': -30.02779224, 'longitute': -51.17100925}]
[2019-05-20 15:50:51,441] [DEBUG] [https://maps.googleapis.com:443 "GET /maps/api/geocode/json?latlng=-29.993579%2C-51.235419&location_type=ROOFTOP&result_type=street_address&key=***REMOVED*** HTTP/1.1" 200 164]
[2019-05-20 15:50:51,491] [WARNING] [Address couldn't be saved to database. Data returned from reverse_geocode API: []]
[2019-05-20 15:50:51,952] [DEBUG] [https://maps.googleapis.com:443 "GET /maps/api/geocode/json?latlng=-30.016489%2C-51.249546&location_type=ROOFTOP&result_type=street_address&key=***REMOVED*** HTTP/1.1" 200 164]
[2019-05-20 15:50:51,955] [WARNING] [Address couldn't be saved to database. Data returned from reverse_geocode API: []]
[2019-05-20 15:50:52,373] [DEBUG] [https://maps.googleapis.com:443 "GET /maps/api/geocode/json?latlng=-30.058499%2C-51.186725&location_type=ROOFTOP&result_type=street_address&key=***REMOVED*** HTTP/1.1" 200 147]
[2019-05-20 15:50:52,375] [WARNING] [Address couldn't be saved to database. Data returned from reverse_geocode API: []]
[2019-05-20 15:50:52,795] [DEBUG] [https://maps.googleapis.com:443 "GET /maps/api/geocode/json?latlng=-30.046272%2C-51.247215&location_type=ROOFTOP&result_type=street_address&key=***REMOVED*** HTTP/1.1" 200 147]
[2019-05-20 15:50:52,798] [WARNING] [Address couldn't be saved to database. Data returned from reverse_geocode API: []]
[2019-05-20 15:50:53,274] [DEBUG] [https://maps.googleapis.com:443 "GET /maps/api/geocode/json?latlng=-30.053417%2C-51.209475&location_type=ROOFTOP&result_type=street_address&key=***REMOVED*** HTTP/1.1" 200 630]
[2019-05-20 15:50:53,276] [INFO] [Address saved to database: {'street_number': '236', 'street_name': 'Rua Mansão', 'neighborhood': 'Santo Antônio', 'city': 'Porto Alegre', 'state': 'RS', 'country': 'Brazil', 'postal_code': '90650-030', 'latitute': -30.05341701, 'longitute': -51.20947473}]
[2019-05-20 15:50:53,701] [DEBUG] [https://maps.googleapis.com:443 "GET /maps/api/geocode/json?latlng=-30.008705%2C-51.223921&location_type=ROOFTOP&result_type=street_address&key=***REMOVED*** HTTP/1.1" 200 163]
[2019-05-20 15:50:53,703] [WARNING] [Address couldn't be saved to database. Data returned from reverse_geocode API: []]
[2019-05-20 15:50:54,101] [DEBUG] [https://maps.googleapis.com:443 "GET /maps/api/geocode/json?latlng=-30.050293%2C-51.262162&location_type=ROOFTOP&result_type=street_address&key=***REMOVED*** HTTP/1.1" 200 163]
[2019-05-20 15:50:54,103] [WARNING] [Address couldn't be saved to database. Data returned from reverse_geocode API: []]
[2019-05-20 15:50:54,565] [DEBUG] [https://maps.googleapis.com:443 "GET /maps/api/geocode/json?latlng=-30.077903%2C-51.203679&location_type=ROOFTOP&result_type=street_address&key=***REMOVED*** HTTP/1.1" 200 629]
[2019-05-20 15:50:54,567] [INFO] [Address saved to database: {'street_number': '237', 'street_name': 'Avenida Sergipe', 'neighborhood': 'Glória', 'city': 'Porto Alegre', 'state': 'RS', 'country': 'Brazil', 'postal_code': '91720-110', 'latitute': -30.07790316, 'longitute': -51.2036786}]
[2019-05-20 15:50:55,072] [DEBUG] [https://maps.googleapis.com:443 "GET /maps/api/geocode/json?latlng=-30.059682%2C-51.195864&location_type=ROOFTOP&result_type=street_address&key=***REMOVED*** HTTP/1.1" 200 628]
[2019-05-20 15:50:55,074] [INFO] [Address saved to database: {'street_number': '172', 'street_name': 'Rua Humberto de Campos', 'neighborhood': 'Partenon', 'city': 'Porto Alegre', 'state': 'RS', 'country': 'Brazil', 'postal_code': '90660-280', 'latitute': -30.05968178, 'longitute': -51.1958636}]
[2019-05-20 15:50:55,518] [DEBUG] [https://maps.googleapis.com:443 "GET /maps/api/geocode/json?latlng=-30.012431%2C-51.258278&location_type=ROOFTOP&result_type=street_address&key=***REMOVED*** HTTP/1.1" 200 650]
[2019-05-20 15:50:55,520] [INFO] [Address saved to database: {'street_number': '167', 'street_name': 'Rua Cap Coelho Ilha Da Pintada', 'neighborhood': 'Arquipélago', 'city': 'Porto Alegre', 'state': 'RS', 'country': 'Brazil', 'postal_code': '90090-040', 'latitute': -30.01243072, 'longitute': -51.25827784}]
[2019-05-20 15:50:55,905] [DEBUG] [https://maps.googleapis.com:443 "GET /maps/api/geocode/json?latlng=-30.039727%2C-51.190058&location_type=ROOFTOP&result_type=street_address&key=***REMOVED*** HTTP/1.1" 200 633]
[2019-05-20 15:50:55,907] [INFO] [Address saved to database: {'street_number': '32', 'street_name': 'Avenida Alegrete', 'neighborhood': 'Petrópolis', 'city': 'Porto Alegre', 'state': 'RS', 'country': 'Brazil', 'postal_code': '90460-100', 'latitute': -30.03972704, 'longitute': -51.19005805}]
[2019-05-20 15:50:56,358] [DEBUG] [https://maps.googleapis.com:443 "GET /maps/api/geocode/json?latlng=-30.060705%2C-51.177647&location_type=ROOFTOP&result_type=street_address&key=***REMOVED*** HTTP/1.1" 200 636]
[2019-05-20 15:50:56,360] [INFO] [Address saved to database: {'street_number': '27', 'street_name': 'Rua Nelson Duarte Brochado', 'neighborhood': 'Partenon', 'city': 'Porto Alegre', 'state': 'RS', 'country': 'Brazil', 'postal_code': '90610-090', 'latitute': -30.06070468, 'longitute': -51.17764669}]
[2019-05-20 15:50:56,873] [DEBUG] [https://maps.googleapis.com:443 "GET /maps/api/geocode/json?latlng=-30.045331%2C-51.221243&location_type=ROOFTOP&result_type=street_address&key=***REMOVED*** HTTP/1.1" 200 639]
[2019-05-20 15:50:56,875] [INFO] [Address saved to database: {'street_number': '1217', 'street_name': 'Avenida Getúlio Vargas', 'neighborhood': 'Menino Deus', 'city': 'Porto Alegre', 'state': 'RS', 'country': 'Brazil', 'postal_code': '90150-005', 'latitute': -30.04533078, 'longitute': -51.221242600000004}]
[2019-05-20 15:50:57,333] [DEBUG] [https://maps.googleapis.com:443 "GET /maps/api/geocode/json?latlng=-29.999041%2C-51.21698&location_type=ROOFTOP&result_type=street_address&key=***REMOVED*** HTTP/1.1" 200 163]
[2019-05-20 15:50:57,336] [WARNING] [Address couldn't be saved to database. Data returned from reverse_geocode API: []]
[2019-05-20 15:50:57,728] [DEBUG] [https://maps.googleapis.com:443 "GET /maps/api/geocode/json?latlng=-30.052413%2C-51.185247&location_type=ROOFTOP&result_type=street_address&key=***REMOVED*** HTTP/1.1" 200 628]
[2019-05-20 15:50:57,731] [INFO] [Address saved to database: {'street_number': '905', 'street_name': 'Rua Itaboraí', 'neighborhood': 'Jardom Botanico', 'city': 'Porto Alegre', 'state': 'RS', 'country': 'Brazil', 'postal_code': '90670-030', 'latitute': -30.05241274, 'longitute': -51.18524664}]
[2019-05-20 15:50:58,342] [DEBUG] [https://maps.googleapis.com:443 "GET /maps/api/geocode/json?latlng=-30.051193%2C-51.231548&location_type=ROOFTOP&result_type=street_address&key=***REMOVED*** HTTP/1.1" 200 147]
[2019-05-20 15:50:58,344] [WARNING] [Address couldn't be saved to database. Data returned from reverse_geocode API: []]
[2019-05-20 15:50:58,835] [DEBUG] [https://maps.googleapis.com:443 "GET /maps/api/geocode/json?latlng=-30.058042%2C-51.209064&location_type=ROOFTOP&result_type=street_address&key=***REMOVED*** HTTP/1.1" 200 638]
[2019-05-20 15:50:58,838] [INFO] [Address saved to database: {'street_number': '716', 'street_name': 'Avenida Oscar Pereira', 'neighborhood': 'Azenha', 'city': 'Porto Alegre', 'state': 'RS', 'country': 'Brazil', 'postal_code': '90640-070', 'latitute': -30.05804203, 'longitute': -51.20906409}]
[2019-05-20 15:50:59,423] [DEBUG] [https://maps.googleapis.com:443 "GET /maps/api/geocode/json?latlng=-30.038288%2C-51.187433&location_type=ROOFTOP&result_type=street_address&key=***REMOVED*** HTTP/1.1" 200 632]
[2019-05-20 15:50:59,427] [INFO] [Address saved to database: {'street_number': '624', 'street_name': 'Avenida Ijuí', 'neighborhood': 'Petrópolis', 'city': 'Porto Alegre', 'state': 'RS', 'country': 'Brazil', 'postal_code': '90460-200', 'latitute': -30.03828808, 'longitute': -51.18743309}]
[2019-05-20 15:50:59,924] [DEBUG] [https://maps.googleapis.com:443 "GET /maps/api/geocode/json?latlng=-30.018384%2C-51.185293&location_type=ROOFTOP&result_type=street_address&key=***REMOVED*** HTTP/1.1" 200 638]
[2019-05-20 15:50:59,930] [INFO] [Address saved to database: {'street_number': '1832', 'street_name': 'Rua Marquês do Pombal', 'neighborhood': 'Higienópolis', 'city': 'Porto Alegre', 'state': 'RS', 'country': 'Brazil', 'postal_code': '90540-001', 'latitute': -30.01838382, 'longitute': -51.18529312}]
[2019-05-20 15:51:00,422] [DEBUG] [https://maps.googleapis.com:443 "GET /maps/api/geocode/json?latlng=-30.067722%2C-51.246414&location_type=ROOFTOP&result_type=street_address&key=***REMOVED*** HTTP/1.1" 200 147]
[2019-05-20 15:51:00,427] [WARNING] [Address couldn't be saved to database. Data returned from reverse_geocode API: []]
[2019-05-20 15:51:00,762] [DEBUG] [https://maps.googleapis.com:443 "GET /maps/api/geocode/json?latlng=-30.028224%2C-51.210107&location_type=ROOFTOP&result_type=street_address&key=***REMOVED*** HTTP/1.1" 200 637]
[2019-05-20 15:51:00,764] [INFO] [Address saved to database: {'street_number': '367', 'street_name': 'Rua André Puente', 'neighborhood': 'Independência', 'city': 'Porto Alegre', 'state': 'RS', 'country': 'Brazil', 'postal_code': '90035-150', 'latitute': -30.02822391, 'longitute': -51.21010739}]
[2019-05-20 15:51:01,219] [DEBUG] [https://maps.googleapis.com:443 "GET /maps/api/geocode/json?latlng=-30.063645%2C-51.229827&location_type=ROOFTOP&result_type=street_address&key=***REMOVED*** HTTP/1.1" 200 615]
[2019-05-20 15:51:01,222] [INFO] [Address saved to database: {'street_number': '310', 'street_name': 'Rua Miguel Couto', 'neighborhood': 'Menino Deus', 'city': 'Porto Alegre', 'state': 'RS', 'country': 'Brazil', 'postal_code': '90850-050', 'latitute': -30.06364492, 'longitute': -51.22982706}]
[2019-05-20 15:51:01,685] [DEBUG] [https://maps.googleapis.com:443 "GET /maps/api/geocode/json?latlng=-30.020415%2C-51.202832&location_type=ROOFTOP&result_type=street_address&key=***REMOVED*** HTTP/1.1" 200 638]
[2019-05-20 15:51:01,688] [INFO] [Address saved to database: {'street_number': '171', 'street_name': 'Rua Marquês do Pombal', 'neighborhood': 'Moinhos de Vento', 'city': 'Porto Alegre', 'state': 'RS', 'country': 'Brazil', 'postal_code': '90540-001', 'latitute': -30.02041466, 'longitute': -51.20283247}]
[2019-05-20 15:51:02,164] [DEBUG] [https://maps.googleapis.com:443 "GET /maps/api/geocode/json?latlng=-30.029455%2C-51.199765&location_type=ROOFTOP&result_type=street_address&key=***REMOVED*** HTTP/1.1" 200 620]
[2019-05-20 15:51:02,168] [INFO] [Address saved to database: {'street_number': '570', 'street_name': 'Rua Dona Laura', 'neighborhood': 'Rio Branco', 'city': 'Porto Alegre', 'state': 'RS', 'country': 'Brazil', 'postal_code': '90430-091', 'latitute': -30.02945549, 'longitute': -51.19976547}]
[2019-05-20 15:51:02,599] [DEBUG] [https://maps.googleapis.com:443 "GET /maps/api/geocode/json?latlng=-30.040333%2C-51.263726&location_type=ROOFTOP&result_type=street_address&key=***REMOVED*** HTTP/1.1" 200 163]
[2019-05-20 15:51:02,601] [WARNING] [Address couldn't be saved to database. Data returned from reverse_geocode API: []]
[2019-05-20 15:51:03,098] [DEBUG] [https://maps.googleapis.com:443 "GET /maps/api/geocode/json?latlng=-30.052482%2C-51.20671&location_type=ROOFTOP&result_type=street_address&key=***REMOVED*** HTTP/1.1" 200 635]
[2019-05-20 15:51:03,100] [INFO] [Address saved to database: {'street_number': '40', 'street_name': 'Rua Guilherme Schell', 'neighborhood': 'Santo Antônio', 'city': 'Porto Alegre', 'state': 'RS', 'country': 'Brazil', 'postal_code': '90640-040', 'latitute': -30.05248222, 'longitute': -51.2067104}]
[2019-05-20 15:51:03,550] [DEBUG] [https://maps.googleapis.com:443 "GET /maps/api/geocode/json?latlng=-30.077173%2C-51.219387&location_type=ROOFTOP&result_type=street_address&key=***REMOVED*** HTTP/1.1" 200 624]
[2019-05-20 15:51:03,554] [INFO] [Address saved to database: {'street_number': '118', 'street_name': 'Rua Gibran Khalil Gibran', 'neighborhood': 'Santa Tereza', 'city': 'Porto Alegre', 'state': 'RS', 'country': 'Brazil', 'postal_code': '90840-510', 'latitute': -30.07717335, 'longitute': -51.21938723}]
[2019-05-20 15:51:04,056] [DEBUG] [https://maps.googleapis.com:443 "GET /maps/api/geocode/json?latlng=-30.049696%2C-51.226571&location_type=ROOFTOP&result_type=street_address&key=***REMOVED*** HTTP/1.1" 200 631]
[2019-05-20 15:51:04,060] [INFO] [Address saved to database: {'street_number': '127', 'street_name': 'Rua Marcílio Dias', 'neighborhood': 'Menino Deus', 'city': 'Porto Alegre', 'state': 'RS', 'country': 'Brazil', 'postal_code': '90130-001', 'latitute': -30.04969646, 'longitute': -51.22657099}]
[2019-05-20 15:51:04,470] [DEBUG] [https://maps.googleapis.com:443 "GET /maps/api/geocode/json?latlng=-30.014866%2C-51.244767&location_type=ROOFTOP&result_type=street_address&key=***REMOVED*** HTTP/1.1" 200 163]
[2019-05-20 15:51:04,473] [WARNING] [Address couldn't be saved to database. Data returned from reverse_geocode API: []]
[2019-05-20 15:51:04,904] [DEBUG] [https://maps.googleapis.com:443 "GET /maps/api/geocode/json?latlng=-30.05373%2C-51.261624&location_type=ROOFTOP&result_type=street_address&key=***REMOVED*** HTTP/1.1" 200 164]
[2019-05-20 15:51:04,907] [WARNING] [Address couldn't be saved to database. Data returned from reverse_geocode API: []]
[2019-05-20 15:51:05,360] [DEBUG] [https://maps.googleapis.com:443 "GET /maps/api/geocode/json?latlng=-29.998525%2C-51.207544&location_type=ROOFTOP&result_type=street_address&key=***REMOVED*** HTTP/1.1" 200 621]
[2019-05-20 15:51:05,364] [INFO] [Address saved to database: {'street_number': '1234', 'street_name': 'BR-290', 'neighborhood': 'Cais do Porto', 'city': 'Porto Alegre', 'state': 'RS', 'country': 'Brazil', 'postal_code': '90030-001', 'latitute': -29.99852504, 'longitute': -51.20754383}]
[2019-05-20 15:51:05,864] [DEBUG] [https://maps.googleapis.com:443 "GET /maps/api/geocode/json?latlng=-30.075535%2C-51.205493&location_type=ROOFTOP&result_type=street_address&key=***REMOVED*** HTTP/1.1" 200 659]
[2019-05-20 15:51:05,867] [INFO] [Address saved to database: {'street_number': '246', 'street_name': 'Rua Coronel Aparício Borges', 'neighborhood': 'Glória', 'city': 'Porto Alegre', 'state': 'RS', 'country': 'Brazil', 'postal_code': '90680-570', 'latitute': -30.07553477, 'longitute': -51.2054929}]
[2019-05-20 15:51:06,356] [DEBUG] [https://maps.googleapis.com:443 "GET /maps/api/geocode/json?latlng=-30.064046%2C-51.212271&location_type=ROOFTOP&result_type=street_address&key=***REMOVED*** HTTP/1.1" 200 634]
[2019-05-20 15:51:06,359] [INFO] [Address saved to database: {'street_number': '975', 'street_name': 'Avenida Doutor Carlos Barbosa', 'neighborhood': 'Medianeira', 'city': 'Porto Alegre', 'state': 'RS', 'country': 'Brazil', 'postal_code': '90880-001', 'latitute': -30.06404559, 'longitute': -51.21227129}]
[2019-05-20 15:51:06,827] [DEBUG] [https://maps.googleapis.com:443 "GET /maps/api/geocode/json?latlng=-30.068341%2C-51.214951&location_type=ROOFTOP&result_type=street_address&key=***REMOVED*** HTTP/1.1" 200 633]
[2019-05-20 15:51:06,834] [INFO] [Address saved to database: {'street_number': '130', 'street_name': 'Avenida Moab Caldas', 'neighborhood': 'Santa Tereza', 'city': 'Porto Alegre', 'state': 'RS', 'country': 'Brazil', 'postal_code': '90880-310', 'latitute': -30.06834072, 'longitute': -51.21495145}]
[2019-05-20 15:51:07,428] [DEBUG] [https://maps.googleapis.com:443 "GET /maps/api/geocode/json?latlng=-30.032325%2C-51.210262&location_type=ROOFTOP&result_type=street_address&key=***REMOVED*** HTTP/1.1" 200 631]
[2019-05-20 15:51:07,431] [INFO] [Address saved to database: {'street_number': '321', 'street_name': 'Rua Felipe Camarão', 'neighborhood': 'Bom Fim', 'city': 'Porto Alegre', 'state': 'RS', 'country': 'Brazil', 'postal_code': '90420-111', 'latitute': -30.03232487, 'longitute': -51.21026168}]
[2019-05-20 15:51:07,917] [DEBUG] [https://maps.googleapis.com:443 "GET /maps/api/geocode/json?latlng=-29.998732%2C-51.219486&location_type=ROOFTOP&result_type=street_address&key=***REMOVED*** HTTP/1.1" 200 164]
[2019-05-20 15:51:07,922] [WARNING] [Address couldn't be saved to database. Data returned from reverse_geocode API: []]
[2019-05-20 15:51:08,338] [DEBUG] [https://maps.googleapis.com:443 "GET /maps/api/geocode/json?latlng=-30.002212%2C-51.225527&location_type=ROOFTOP&result_type=street_address&key=***REMOVED*** HTTP/1.1" 200 623]
[2019-05-20 15:51:08,341] [INFO] [Address saved to database: {'street_number': '1200', 'street_name': 'Rua João Ignácio da Oliveira', 'neighborhood': 'Arquipélago', 'city': 'Porto Alegre', 'state': 'RS', 'country': 'Brazil', 'latitute': -30.00221199, 'longitute': -51.22552735}]
[2019-05-20 15:51:08,693] [DEBUG] [https://maps.googleapis.com:443 "GET /maps/api/geocode/json?latlng=-30.027643%2C-51.250848&location_type=ROOFTOP&result_type=street_address&key=***REMOVED*** HTTP/1.1" 200 640]
[2019-05-20 15:51:08,696] [INFO] [Address saved to database: {'street_number': '270', 'street_name': 'Rua N Sra Boa Viagem I Pintada', 'neighborhood': 'Arquipélago', 'city': 'Porto Alegre', 'state': 'RS', 'country': 'Brazil', 'postal_code': '90090-140', 'latitute': -30.02764286, 'longitute': -51.25084839}]
[2019-05-20 15:51:09,083] [DEBUG] [https://maps.googleapis.com:443 "GET /maps/api/geocode/json?latlng=-30.026551%2C-51.202074&location_type=ROOFTOP&result_type=street_address&key=***REMOVED*** HTTP/1.1" 200 632]
[2019-05-20 15:51:09,086] [INFO] [Address saved to database: {'street_number': '220', 'street_name': 'Rua Comendador Caminha', 'neighborhood': 'Moinhos de Vento', 'city': 'Porto Alegre', 'state': 'RS', 'country': 'Brazil', 'postal_code': '90430-030', 'latitute': -30.02655075, 'longitute': -51.20207391}]
[2019-05-20 15:51:09,504] [DEBUG] [https://maps.googleapis.com:443 "GET /maps/api/geocode/json?latlng=-30.06307%2C-51.216439&location_type=ROOFTOP&result_type=street_address&key=***REMOVED*** HTTP/1.1" 200 646]
[2019-05-20 15:51:09,507] [INFO] [Address saved to database: {'street_number': '50', 'street_name': 'Rua Manoel Antônio de Magalhães', 'neighborhood': 'Medianeira', 'city': 'Porto Alegre', 'state': 'RS', 'country': 'Brazil', 'postal_code': '90880-240', 'latitute': -30.06307018, 'longitute': -51.21643935}]
[2019-05-20 15:51:09,885] [DEBUG] [https://maps.googleapis.com:443 "GET /maps/api/geocode/json?latlng=-30.035281%2C-51.243161&location_type=ROOFTOP&result_type=street_address&key=***REMOVED*** HTTP/1.1" 200 660]
[2019-05-20 15:51:09,887] [INFO] [Address saved to database: {'street_number': '250', 'street_name': 'Avenida Presidente João Goulart', 'neighborhood': 'Centro Histórico de Porto Alegre', 'city': 'Porto Alegre', 'state': 'RS', 'country': 'Brazil', 'postal_code': '90010-120', 'latitute': -30.03528083, 'longitute': -51.24316122}]
[2019-05-20 15:51:10,391] [DEBUG] [https://maps.googleapis.com:443 "GET /maps/api/geocode/json?latlng=-30.073166%2C-51.238239&location_type=ROOFTOP&result_type=street_address&key=***REMOVED*** HTTP/1.1" 200 633]
[2019-05-20 15:51:10,394] [INFO] [Address saved to database: {'street_number': '1331', 'street_name': 'Avenida Padre Cacique', 'neighborhood': 'Praia de Belas', 'city': 'Porto Alegre', 'state': 'RS', 'country': 'Brazil', 'postal_code': '90810-240', 'latitute': -30.0731661, 'longitute': -51.23823893}]
[2019-05-20 15:51:10,751] [DEBUG] [https://maps.googleapis.com:443 "GET /maps/api/geocode/json?latlng=-30.043354%2C-51.259112&location_type=ROOFTOP&result_type=street_address&key=***REMOVED*** HTTP/1.1" 200 163]
[2019-05-20 15:51:10,752] [WARNING] [Address couldn't be saved to database. Data returned from reverse_geocode API: []]
[2019-05-20 15:51:11,187] [DEBUG] [https://maps.googleapis.com:443 "GET /maps/api/geocode/json?latlng=-30.053908%2C-51.237809&location_type=ROOFTOP&result_type=street_address&key=***REMOVED*** HTTP/1.1" 200 147]
[2019-05-20 15:51:11,189] [WARNING] [Address couldn't be saved to database. Data returned from reverse_geocode API: []]
[2019-05-20 15:51:11,640] [DEBUG] [https://maps.googleapis.com:443 "GET /maps/api/geocode/json?latlng=-30.030855%2C-51.197612&location_type=ROOFTOP&result_type=street_address&key=***REMOVED*** HTTP/1.1" 200 624]
[2019-05-20 15:51:11,642] [INFO] [Address saved to database: {'street_number': '146', 'street_name': 'Rua Almirante Abreu', 'neighborhood': 'Rio Branco', 'city': 'Porto Alegre', 'state': 'RS', 'country': 'Brazil', 'postal_code': '90420-010', 'latitute': -30.03085498, 'longitute': -51.1976115}]
[2019-05-20 15:51:12,066] [DEBUG] [https://maps.googleapis.com:443 "GET /maps/api/geocode/json?latlng=-29.993035%2C-51.218647&location_type=ROOFTOP&result_type=street_address&key=***REMOVED*** HTTP/1.1" 200 164]
[2019-05-20 15:51:12,068] [WARNING] [Address couldn't be saved to database. Data returned from reverse_geocode API: []]
[2019-05-20 15:51:12,535] [DEBUG] [https://maps.googleapis.com:443 "GET /maps/api/geocode/json?latlng=-30.061235%2C-51.208328&location_type=ROOFTOP&result_type=street_address&key=***REMOVED*** HTTP/1.1" 200 621]
[2019-05-20 15:51:12,537] [INFO] [Address saved to database: {'street_number': '21', 'street_name': 'Rua Miramar', 'neighborhood': 'Medianeira', 'city': 'Porto Alegre', 'state': 'RS', 'country': 'Brazil', 'postal_code': '90880-100', 'latitute': -30.06123494, 'longitute': -51.2083283}]
[2019-05-20 15:51:13,050] [DEBUG] [https://maps.googleapis.com:443 "GET /maps/api/geocode/json?latlng=-30.030737%2C-51.19616&location_type=ROOFTOP&result_type=street_address&key=***REMOVED*** HTTP/1.1" 200 635]
[2019-05-20 15:51:13,054] [INFO] [Address saved to database: {'street_number': '1451', 'street_name': 'Rua Coronel Bordini', 'neighborhood': 'Auxiliadora', 'city': 'Porto Alegre', 'state': 'RS', 'country': 'Brazil', 'postal_code': '90440-001', 'latitute': -30.03073735, 'longitute': -51.19616046}]
[2019-05-20 15:51:13,484] [DEBUG] [https://maps.googleapis.com:443 "GET /maps/api/geocode/json?latlng=-29.996886%2C-51.223681&location_type=ROOFTOP&result_type=street_address&key=***REMOVED*** HTTP/1.1" 200 638]
[2019-05-20 15:51:13,489] [INFO] [Address saved to database: {'street_number': '751', 'street_name': 'Rua João Inácio da Silveira', 'neighborhood': 'Arquipélago', 'city': 'Porto Alegre', 'state': 'RS', 'country': 'Brazil', 'postal_code': '90090-390', 'latitute': -29.99688597, 'longitute': -51.22368076}]
[2019-05-20 15:51:14,117] [DEBUG] [https://maps.googleapis.com:443 "GET /maps/api/geocode/json?latlng=-30.075573%2C-51.231245&location_type=ROOFTOP&result_type=street_address&key=***REMOVED*** HTTP/1.1" 200 624]
[2019-05-20 15:51:14,123] [INFO] [Address saved to database: {'street_number': '13', 'street_name': 'Rua Doná Zaida', 'neighborhood': 'Santa Tereza', 'city': 'Porto Alegre', 'state': 'RS', 'country': 'Brazil', 'postal_code': '90840-070', 'latitute': -30.07557346, 'longitute': -51.23124526}]
[2019-05-20 15:51:14,581] [DEBUG] [https://maps.googleapis.com:443 "GET /maps/api/geocode/json?latlng=-30.016155%2C-51.183493&location_type=ROOFTOP&result_type=street_address&key=***REMOVED*** HTTP/1.1" 200 632]
[2019-05-20 15:51:14,584] [INFO] [Address saved to database: {'street_number': '835', 'street_name': 'Rua Portugal', 'neighborhood': 'São João', 'city': 'Porto Alegre', 'state': 'RS', 'country': 'Brazil', 'postal_code': '90520-310', 'latitute': -30.01615515, 'longitute': -51.18349289}]
